{"E:\\WEB\\GithubRepos\\employe-management-app-lit\\src\\app.js": {"path":"E:\\WEB\\GithubRepos\\employe-management-app-lit\\src\\app.js","all":false,"statementMap":{"0":{"start":{"line":1,"column":0},"end":{"line":1,"column":67}},"1":{"start":{"line":2,"column":0},"end":{"line":2,"column":0}},"2":{"start":{"line":3,"column":0},"end":{"line":3,"column":68}},"3":{"start":{"line":4,"column":0},"end":{"line":4,"column":40}},"4":{"start":{"line":5,"column":0},"end":{"line":5,"column":0}},"5":{"start":{"line":6,"column":0},"end":{"line":6,"column":0}},"6":{"start":{"line":7,"column":0},"end":{"line":7,"column":39}},"7":{"start":{"line":8,"column":0},"end":{"line":8,"column":42}},"8":{"start":{"line":9,"column":0},"end":{"line":9,"column":46}},"9":{"start":{"line":10,"column":0},"end":{"line":10,"column":0}},"10":{"start":{"line":11,"column":0},"end":{"line":11,"column":34}},"11":{"start":{"line":12,"column":0},"end":{"line":12,"column":22}},"12":{"start":{"line":13,"column":0},"end":{"line":13,"column":11}},"13":{"start":{"line":14,"column":0},"end":{"line":14,"column":21}},"14":{"start":{"line":15,"column":0},"end":{"line":15,"column":38}},"15":{"start":{"line":16,"column":0},"end":{"line":16,"column":5}},"16":{"start":{"line":17,"column":0},"end":{"line":17,"column":0}},"17":{"start":{"line":18,"column":0},"end":{"line":18,"column":16}},"18":{"start":{"line":19,"column":0},"end":{"line":19,"column":24}},"19":{"start":{"line":20,"column":0},"end":{"line":20,"column":21}},"20":{"start":{"line":21,"column":0},"end":{"line":21,"column":20}},"21":{"start":{"line":22,"column":0},"end":{"line":22,"column":5}},"22":{"start":{"line":23,"column":0},"end":{"line":23,"column":4}},"23":{"start":{"line":24,"column":0},"end":{"line":24,"column":0}},"24":{"start":{"line":25,"column":0},"end":{"line":25,"column":18}},"25":{"start":{"line":26,"column":0},"end":{"line":26,"column":57}},"26":{"start":{"line":27,"column":0},"end":{"line":27,"column":38}},"27":{"start":{"line":28,"column":0},"end":{"line":28,"column":29}},"28":{"start":{"line":29,"column":0},"end":{"line":29,"column":27}},"29":{"start":{"line":30,"column":0},"end":{"line":30,"column":3}},"30":{"start":{"line":31,"column":0},"end":{"line":31,"column":0}},"31":{"start":{"line":32,"column":0},"end":{"line":32,"column":12}},"32":{"start":{"line":33,"column":0},"end":{"line":33,"column":16}},"33":{"start":{"line":34,"column":0},"end":{"line":34,"column":31}},"34":{"start":{"line":35,"column":0},"end":{"line":35,"column":37}},"35":{"start":{"line":36,"column":0},"end":{"line":36,"column":6}},"36":{"start":{"line":37,"column":0},"end":{"line":37,"column":3}},"37":{"start":{"line":38,"column":0},"end":{"line":38,"column":1}},"38":{"start":{"line":39,"column":0},"end":{"line":39,"column":0}},"39":{"start":{"line":40,"column":0},"end":{"line":40,"column":43}}},"s":{"0":1,"1":1,"2":1,"3":1,"4":1,"5":1,"6":1,"7":1,"8":1,"9":1,"10":1,"11":1,"12":1,"13":1,"14":1,"15":1,"16":1,"17":1,"18":1,"19":1,"20":1,"21":1,"22":1,"23":1,"24":1,"25":1,"26":1,"27":1,"28":1,"29":1,"30":1,"31":1,"32":1,"33":1,"34":1,"35":1,"36":1,"37":1,"38":1,"39":1},"branchMap":{"0":{"type":"branch","line":12,"loc":{"start":{"line":12,"column":2},"end":{"line":23,"column":3}},"locations":[{"start":{"line":12,"column":2},"end":{"line":23,"column":3}}]},"1":{"type":"branch","line":25,"loc":{"start":{"line":25,"column":2},"end":{"line":30,"column":3}},"locations":[{"start":{"line":25,"column":2},"end":{"line":30,"column":3}}]},"2":{"type":"branch","line":32,"loc":{"start":{"line":32,"column":2},"end":{"line":37,"column":3}},"locations":[{"start":{"line":32,"column":2},"end":{"line":37,"column":3}}]}},"b":{"0":[1],"1":[1],"2":[1]},"fnMap":{"0":{"name":"<static_initializer>","decl":{"start":{"line":12,"column":2},"end":{"line":23,"column":3}},"loc":{"start":{"line":12,"column":2},"end":{"line":23,"column":3}},"line":12},"1":{"name":"firstUpdated","decl":{"start":{"line":25,"column":2},"end":{"line":30,"column":3}},"loc":{"start":{"line":25,"column":2},"end":{"line":30,"column":3}},"line":25},"2":{"name":"render","decl":{"start":{"line":32,"column":2},"end":{"line":37,"column":3}},"loc":{"start":{"line":32,"column":2},"end":{"line":37,"column":3}},"line":32}},"f":{"0":1,"1":1,"2":1}}
,"E:\\WEB\\GithubRepos\\employe-management-app-lit\\src\\i18n.js": {"path":"E:\\WEB\\GithubRepos\\employe-management-app-lit\\src\\i18n.js","all":false,"statementMap":{"0":{"start":{"line":1,"column":0},"end":{"line":1,"column":64}},"2":{"start":{"line":3,"column":0},"end":{"line":3,"column":45}},"3":{"start":{"line":4,"column":0},"end":{"line":4,"column":45}},"5":{"start":{"line":6,"column":0},"end":{"line":6,"column":44}},"7":{"start":{"line":8,"column":0},"end":{"line":8,"column":63}},"9":{"start":{"line":10,"column":0},"end":{"line":10,"column":14}},"10":{"start":{"line":11,"column":0},"end":{"line":11,"column":24}},"11":{"start":{"line":12,"column":0},"end":{"line":12,"column":20}},"12":{"start":{"line":13,"column":0},"end":{"line":13,"column":14}},"13":{"start":{"line":14,"column":0},"end":{"line":14,"column":28}},"14":{"start":{"line":15,"column":0},"end":{"line":15,"column":27}},"15":{"start":{"line":16,"column":0},"end":{"line":16,"column":3}},"16":{"start":{"line":17,"column":0},"end":{"line":17,"column":3}},"18":{"start":{"line":19,"column":0},"end":{"line":19,"column":23}}},"s":{"0":1,"2":1,"3":1,"5":1,"7":1,"9":1,"10":1,"11":1,"12":1,"13":1,"14":1,"15":1,"16":1,"18":1},"branchMap":{"0":{"type":"branch","line":8,"loc":{"start":{"line":8,"column":55},"end":{"line":8,"column":62}},"locations":[{"start":{"line":8,"column":55},"end":{"line":8,"column":62}}]}},"b":{"0":[0]},"fnMap":{},"f":{}}
,"E:\\WEB\\GithubRepos\\employe-management-app-lit\\src\\routes.js": {"path":"E:\\WEB\\GithubRepos\\employe-management-app-lit\\src\\routes.js","all":false,"statementMap":{"0":{"start":{"line":1,"column":0},"end":{"line":1,"column":42}},"1":{"start":{"line":2,"column":0},"end":{"line":2,"column":46}},"3":{"start":{"line":4,"column":0},"end":{"line":4,"column":23}},"4":{"start":{"line":5,"column":0},"end":{"line":5,"column":44}},"5":{"start":{"line":6,"column":0},"end":{"line":6,"column":53}},"6":{"start":{"line":7,"column":0},"end":{"line":7,"column":51}},"7":{"start":{"line":8,"column":0},"end":{"line":8,"column":52}},"8":{"start":{"line":9,"column":0},"end":{"line":9,"column":2}}},"s":{"0":1,"1":1,"3":1,"4":1,"5":1,"6":1,"7":1,"8":1},"branchMap":{},"b":{},"fnMap":{},"f":{}}
,"E:\\WEB\\GithubRepos\\employe-management-app-lit\\src\\components\\add-edit-employee.js": {"path":"E:\\WEB\\GithubRepos\\employe-management-app-lit\\src\\components\\add-edit-employee.js","all":false,"statementMap":{"0":{"start":{"line":1,"column":0},"end":{"line":1,"column":67}},"1":{"start":{"line":2,"column":0},"end":{"line":2,"column":61}},"2":{"start":{"line":3,"column":0},"end":{"line":3,"column":69}},"3":{"start":{"line":4,"column":0},"end":{"line":4,"column":64}},"4":{"start":{"line":5,"column":0},"end":{"line":5,"column":44}},"5":{"start":{"line":6,"column":0},"end":{"line":6,"column":71}},"6":{"start":{"line":7,"column":0},"end":{"line":7,"column":68}},"7":{"start":{"line":8,"column":0},"end":{"line":8,"column":35}},"9":{"start":{"line":10,"column":0},"end":{"line":10,"column":47}},"10":{"start":{"line":11,"column":0},"end":{"line":11,"column":26}},"11":{"start":{"line":12,"column":0},"end":{"line":12,"column":27}},"12":{"start":{"line":13,"column":0},"end":{"line":13,"column":4}},"13":{"start":{"line":14,"column":0},"end":{"line":14,"column":27}},"14":{"start":{"line":15,"column":0},"end":{"line":15,"column":55}},"15":{"start":{"line":16,"column":0},"end":{"line":16,"column":3}},"16":{"start":{"line":17,"column":0},"end":{"line":17,"column":3}},"18":{"start":{"line":19,"column":0},"end":{"line":19,"column":42}},"19":{"start":{"line":20,"column":0},"end":{"line":20,"column":15}},"20":{"start":{"line":21,"column":0},"end":{"line":21,"column":23}},"21":{"start":{"line":22,"column":0},"end":{"line":22,"column":32}},"22":{"start":{"line":23,"column":0},"end":{"line":23,"column":31}},"23":{"start":{"line":24,"column":0},"end":{"line":24,"column":39}},"24":{"start":{"line":25,"column":0},"end":{"line":25,"column":34}},"25":{"start":{"line":26,"column":0},"end":{"line":26,"column":28}},"26":{"start":{"line":27,"column":0},"end":{"line":27,"column":28}},"27":{"start":{"line":28,"column":0},"end":{"line":28,"column":33}},"28":{"start":{"line":29,"column":0},"end":{"line":29,"column":31}},"29":{"start":{"line":30,"column":0},"end":{"line":30,"column":39}},"30":{"start":{"line":31,"column":0},"end":{"line":31,"column":4}},"32":{"start":{"line":33,"column":0},"end":{"line":33,"column":16}},"33":{"start":{"line":34,"column":0},"end":{"line":34,"column":25}},"34":{"start":{"line":35,"column":0},"end":{"line":35,"column":12}},"35":{"start":{"line":36,"column":0},"end":{"line":36,"column":19}},"36":{"start":{"line":37,"column":0},"end":{"line":37,"column":18}},"37":{"start":{"line":38,"column":0},"end":{"line":38,"column":63}},"38":{"start":{"line":39,"column":0},"end":{"line":39,"column":96}},"39":{"start":{"line":40,"column":0},"end":{"line":40,"column":8}},"40":{"start":{"line":41,"column":0},"end":{"line":41,"column":18}},"41":{"start":{"line":42,"column":0},"end":{"line":42,"column":17}},"42":{"start":{"line":43,"column":0},"end":{"line":43,"column":63}},"43":{"start":{"line":44,"column":0},"end":{"line":44,"column":96}},"44":{"start":{"line":45,"column":0},"end":{"line":45,"column":8}},"45":{"start":{"line":46,"column":0},"end":{"line":46,"column":27}},"46":{"start":{"line":47,"column":0},"end":{"line":47,"column":25}},"47":{"start":{"line":48,"column":0},"end":{"line":48,"column":64}},"48":{"start":{"line":49,"column":0},"end":{"line":49,"column":69}},"49":{"start":{"line":50,"column":0},"end":{"line":50,"column":8}},"50":{"start":{"line":51,"column":0},"end":{"line":51,"column":22}},"51":{"start":{"line":52,"column":0},"end":{"line":52,"column":20}},"52":{"start":{"line":53,"column":0},"end":{"line":53,"column":64}},"53":{"start":{"line":54,"column":0},"end":{"line":54,"column":69}},"54":{"start":{"line":55,"column":0},"end":{"line":55,"column":8}},"55":{"start":{"line":56,"column":0},"end":{"line":56,"column":14}},"56":{"start":{"line":57,"column":0},"end":{"line":57,"column":14}},"57":{"start":{"line":58,"column":0},"end":{"line":58,"column":64}},"58":{"start":{"line":59,"column":0},"end":{"line":59,"column":17}},"59":{"start":{"line":60,"column":0},"end":{"line":60,"column":30}},"60":{"start":{"line":61,"column":0},"end":{"line":61,"column":46}},"61":{"start":{"line":62,"column":0},"end":{"line":62,"column":9}},"62":{"start":{"line":63,"column":0},"end":{"line":63,"column":8}},"63":{"start":{"line":64,"column":0},"end":{"line":64,"column":14}},"64":{"start":{"line":65,"column":0},"end":{"line":65,"column":14}},"65":{"start":{"line":66,"column":0},"end":{"line":66,"column":64}},"66":{"start":{"line":67,"column":0},"end":{"line":67,"column":42}},"67":{"start":{"line":68,"column":0},"end":{"line":68,"column":8}},"68":{"start":{"line":69,"column":0},"end":{"line":69,"column":19}},"69":{"start":{"line":70,"column":0},"end":{"line":70,"column":19}},"70":{"start":{"line":71,"column":0},"end":{"line":71,"column":63}},"71":{"start":{"line":72,"column":0},"end":{"line":72,"column":8}},"72":{"start":{"line":73,"column":0},"end":{"line":73,"column":17}},"73":{"start":{"line":74,"column":0},"end":{"line":74,"column":17}},"74":{"start":{"line":75,"column":0},"end":{"line":75,"column":63}},"75":{"start":{"line":76,"column":0},"end":{"line":76,"column":7}},"76":{"start":{"line":77,"column":0},"end":{"line":77,"column":5}},"77":{"start":{"line":78,"column":0},"end":{"line":78,"column":3}},"79":{"start":{"line":80,"column":0},"end":{"line":80,"column":16}},"80":{"start":{"line":81,"column":0},"end":{"line":81,"column":17}},"81":{"start":{"line":82,"column":0},"end":{"line":82,"column":12}},"82":{"start":{"line":83,"column":0},"end":{"line":83,"column":62}},"83":{"start":{"line":84,"column":0},"end":{"line":84,"column":24}},"84":{"start":{"line":85,"column":0},"end":{"line":85,"column":23}},"85":{"start":{"line":86,"column":0},"end":{"line":86,"column":31}},"86":{"start":{"line":87,"column":0},"end":{"line":87,"column":26}},"87":{"start":{"line":88,"column":0},"end":{"line":88,"column":20}},"88":{"start":{"line":89,"column":0},"end":{"line":89,"column":20}},"89":{"start":{"line":90,"column":0},"end":{"line":90,"column":25}},"90":{"start":{"line":91,"column":0},"end":{"line":91,"column":23}},"91":{"start":{"line":92,"column":0},"end":{"line":92,"column":31}},"92":{"start":{"line":93,"column":0},"end":{"line":93,"column":3}},"94":{"start":{"line":95,"column":0},"end":{"line":95,"column":23}},"95":{"start":{"line":96,"column":0},"end":{"line":96,"column":30}},"97":{"start":{"line":98,"column":0},"end":{"line":98,"column":30}},"98":{"start":{"line":99,"column":0},"end":{"line":99,"column":63}},"100":{"start":{"line":101,"column":0},"end":{"line":101,"column":31}},"101":{"start":{"line":102,"column":0},"end":{"line":102,"column":16}},"102":{"start":{"line":103,"column":0},"end":{"line":103,"column":40}},"103":{"start":{"line":104,"column":0},"end":{"line":104,"column":87}},"105":{"start":{"line":106,"column":0},"end":{"line":106,"column":19}},"106":{"start":{"line":107,"column":0},"end":{"line":107,"column":44}},"107":{"start":{"line":108,"column":0},"end":{"line":108,"column":42}},"108":{"start":{"line":109,"column":0},"end":{"line":109,"column":58}},"109":{"start":{"line":110,"column":0},"end":{"line":110,"column":48}},"110":{"start":{"line":111,"column":0},"end":{"line":111,"column":36}},"111":{"start":{"line":112,"column":0},"end":{"line":112,"column":36}},"112":{"start":{"line":113,"column":0},"end":{"line":113,"column":46}},"113":{"start":{"line":114,"column":0},"end":{"line":114,"column":42}},"114":{"start":{"line":115,"column":0},"end":{"line":115,"column":7}},"115":{"start":{"line":116,"column":0},"end":{"line":116,"column":5}},"116":{"start":{"line":117,"column":0},"end":{"line":117,"column":3}},"118":{"start":{"line":119,"column":0},"end":{"line":119,"column":13}},"119":{"start":{"line":120,"column":0},"end":{"line":120,"column":12}},"120":{"start":{"line":121,"column":0},"end":{"line":121,"column":16}},"121":{"start":{"line":122,"column":0},"end":{"line":122,"column":52}},"122":{"start":{"line":123,"column":0},"end":{"line":123,"column":25}},"123":{"start":{"line":124,"column":0},"end":{"line":124,"column":29}},"124":{"start":{"line":125,"column":0},"end":{"line":125,"column":34}},"125":{"start":{"line":126,"column":0},"end":{"line":126,"column":69}},"126":{"start":{"line":127,"column":0},"end":{"line":127,"column":141}},"127":{"start":{"line":128,"column":0},"end":{"line":128,"column":121}},"128":{"start":{"line":129,"column":0},"end":{"line":129,"column":16}},"129":{"start":{"line":130,"column":0},"end":{"line":130,"column":28}},"130":{"start":{"line":131,"column":0},"end":{"line":131,"column":34}},"131":{"start":{"line":132,"column":0},"end":{"line":132,"column":67}},"132":{"start":{"line":133,"column":0},"end":{"line":133,"column":138}},"133":{"start":{"line":134,"column":0},"end":{"line":134,"column":119}},"134":{"start":{"line":135,"column":0},"end":{"line":135,"column":16}},"135":{"start":{"line":136,"column":0},"end":{"line":136,"column":37}},"136":{"start":{"line":137,"column":0},"end":{"line":137,"column":34}},"137":{"start":{"line":138,"column":0},"end":{"line":138,"column":84}},"138":{"start":{"line":139,"column":0},"end":{"line":139,"column":162}},"139":{"start":{"line":140,"column":0},"end":{"line":140,"column":135}},"140":{"start":{"line":141,"column":0},"end":{"line":141,"column":16}},"141":{"start":{"line":142,"column":0},"end":{"line":142,"column":14}},"143":{"start":{"line":144,"column":0},"end":{"line":144,"column":25}},"144":{"start":{"line":145,"column":0},"end":{"line":145,"column":32}},"145":{"start":{"line":146,"column":0},"end":{"line":146,"column":34}},"146":{"start":{"line":147,"column":0},"end":{"line":147,"column":74}},"147":{"start":{"line":148,"column":0},"end":{"line":148,"column":147}},"148":{"start":{"line":149,"column":0},"end":{"line":149,"column":125}},"149":{"start":{"line":150,"column":0},"end":{"line":150,"column":16}},"150":{"start":{"line":151,"column":0},"end":{"line":151,"column":24}},"151":{"start":{"line":152,"column":0},"end":{"line":152,"column":34}},"152":{"start":{"line":153,"column":0},"end":{"line":153,"column":60}},"153":{"start":{"line":154,"column":0},"end":{"line":154,"column":145}},"154":{"start":{"line":155,"column":0},"end":{"line":155,"column":113}},"155":{"start":{"line":156,"column":0},"end":{"line":156,"column":16}},"156":{"start":{"line":157,"column":0},"end":{"line":157,"column":24}},"157":{"start":{"line":158,"column":0},"end":{"line":158,"column":34}},"158":{"start":{"line":159,"column":0},"end":{"line":159,"column":60}},"159":{"start":{"line":160,"column":0},"end":{"line":160,"column":130}},"160":{"start":{"line":161,"column":0},"end":{"line":161,"column":113}},"161":{"start":{"line":162,"column":0},"end":{"line":162,"column":16}},"162":{"start":{"line":163,"column":0},"end":{"line":163,"column":14}},"164":{"start":{"line":165,"column":0},"end":{"line":165,"column":25}},"165":{"start":{"line":166,"column":0},"end":{"line":166,"column":29}},"166":{"start":{"line":167,"column":0},"end":{"line":167,"column":34}},"167":{"start":{"line":168,"column":0},"end":{"line":168,"column":70}},"168":{"start":{"line":169,"column":0},"end":{"line":169,"column":132}},"169":{"start":{"line":170,"column":0},"end":{"line":170,"column":105}},"170":{"start":{"line":171,"column":0},"end":{"line":171,"column":106}},"171":{"start":{"line":172,"column":0},"end":{"line":172,"column":21}},"172":{"start":{"line":173,"column":0},"end":{"line":173,"column":123}},"173":{"start":{"line":174,"column":0},"end":{"line":174,"column":16}},"174":{"start":{"line":175,"column":0},"end":{"line":175,"column":27}},"175":{"start":{"line":176,"column":0},"end":{"line":176,"column":34}},"176":{"start":{"line":177,"column":0},"end":{"line":177,"column":66}},"177":{"start":{"line":178,"column":0},"end":{"line":178,"column":126}},"178":{"start":{"line":179,"column":0},"end":{"line":179,"column":101}},"179":{"start":{"line":180,"column":0},"end":{"line":180,"column":98}},"180":{"start":{"line":181,"column":0},"end":{"line":181,"column":21}},"181":{"start":{"line":182,"column":0},"end":{"line":182,"column":119}},"182":{"start":{"line":183,"column":0},"end":{"line":183,"column":16}},"183":{"start":{"line":184,"column":0},"end":{"line":184,"column":14}},"185":{"start":{"line":186,"column":0},"end":{"line":186,"column":24}},"186":{"start":{"line":187,"column":0},"end":{"line":187,"column":29}},"187":{"start":{"line":188,"column":0},"end":{"line":188,"column":61}},"188":{"start":{"line":189,"column":0},"end":{"line":189,"column":91}},"189":{"start":{"line":190,"column":0},"end":{"line":190,"column":14}},"190":{"start":{"line":191,"column":0},"end":{"line":191,"column":13}},"191":{"start":{"line":192,"column":0},"end":{"line":192,"column":6}},"192":{"start":{"line":193,"column":0},"end":{"line":193,"column":3}},"194":{"start":{"line":195,"column":0},"end":{"line":195,"column":12}},"195":{"start":{"line":196,"column":0},"end":{"line":196,"column":24}},"196":{"start":{"line":197,"column":0},"end":{"line":197,"column":23}},"197":{"start":{"line":198,"column":0},"end":{"line":198,"column":23}},"199":{"start":{"line":200,"column":0},"end":{"line":200,"column":27}},"200":{"start":{"line":201,"column":0},"end":{"line":201,"column":30}},"201":{"start":{"line":202,"column":0},"end":{"line":202,"column":56}},"202":{"start":{"line":203,"column":0},"end":{"line":203,"column":54}},"203":{"start":{"line":204,"column":0},"end":{"line":204,"column":46}},"204":{"start":{"line":205,"column":0},"end":{"line":205,"column":36}},"205":{"start":{"line":206,"column":0},"end":{"line":206,"column":24}},"206":{"start":{"line":207,"column":0},"end":{"line":207,"column":24}},"207":{"start":{"line":208,"column":0},"end":{"line":208,"column":34}},"208":{"start":{"line":209,"column":0},"end":{"line":209,"column":29}},"209":{"start":{"line":210,"column":0},"end":{"line":210,"column":6}},"211":{"start":{"line":212,"column":0},"end":{"line":212,"column":29}},"212":{"start":{"line":213,"column":0},"end":{"line":213,"column":65}},"213":{"start":{"line":214,"column":0},"end":{"line":214,"column":17}},"214":{"start":{"line":215,"column":0},"end":{"line":215,"column":40}},"215":{"start":{"line":216,"column":0},"end":{"line":216,"column":13}},"216":{"start":{"line":217,"column":0},"end":{"line":217,"column":5}},"218":{"start":{"line":219,"column":0},"end":{"line":219,"column":22}},"219":{"start":{"line":220,"column":0},"end":{"line":220,"column":36}},"220":{"start":{"line":221,"column":0},"end":{"line":221,"column":21}},"221":{"start":{"line":222,"column":0},"end":{"line":222,"column":38}},"222":{"start":{"line":223,"column":0},"end":{"line":223,"column":40}},"223":{"start":{"line":224,"column":0},"end":{"line":224,"column":20}},"224":{"start":{"line":225,"column":0},"end":{"line":225,"column":70}},"225":{"start":{"line":226,"column":0},"end":{"line":226,"column":71}},"226":{"start":{"line":227,"column":0},"end":{"line":227,"column":23}},"227":{"start":{"line":228,"column":0},"end":{"line":228,"column":29}},"228":{"start":{"line":229,"column":0},"end":{"line":229,"column":36}},"229":{"start":{"line":230,"column":0},"end":{"line":230,"column":32}},"230":{"start":{"line":231,"column":0},"end":{"line":231,"column":42}},"231":{"start":{"line":232,"column":0},"end":{"line":232,"column":43}},"232":{"start":{"line":233,"column":0},"end":{"line":233,"column":7}},"234":{"start":{"line":235,"column":0},"end":{"line":235,"column":36}},"236":{"start":{"line":237,"column":0},"end":{"line":237,"column":28}},"237":{"start":{"line":238,"column":0},"end":{"line":238,"column":17}},"238":{"start":{"line":239,"column":0},"end":{"line":239,"column":48}},"239":{"start":{"line":240,"column":0},"end":{"line":240,"column":12}},"240":{"start":{"line":241,"column":0},"end":{"line":241,"column":56}},"241":{"start":{"line":242,"column":0},"end":{"line":242,"column":49}},"242":{"start":{"line":243,"column":0},"end":{"line":243,"column":5}},"244":{"start":{"line":245,"column":0},"end":{"line":245,"column":22}},"245":{"start":{"line":246,"column":0},"end":{"line":246,"column":21}},"246":{"start":{"line":247,"column":0},"end":{"line":247,"column":34}},"247":{"start":{"line":248,"column":0},"end":{"line":248,"column":20}},"248":{"start":{"line":249,"column":0},"end":{"line":249,"column":54}},"249":{"start":{"line":250,"column":0},"end":{"line":250,"column":56}},"250":{"start":{"line":251,"column":0},"end":{"line":251,"column":22}},"251":{"start":{"line":252,"column":0},"end":{"line":252,"column":35}},"252":{"start":{"line":253,"column":0},"end":{"line":253,"column":7}},"254":{"start":{"line":255,"column":0},"end":{"line":255,"column":30}},"255":{"start":{"line":256,"column":0},"end":{"line":256,"column":20}},"257":{"start":{"line":258,"column":0},"end":{"line":258,"column":32}},"258":{"start":{"line":259,"column":0},"end":{"line":259,"column":51}},"259":{"start":{"line":260,"column":0},"end":{"line":260,"column":56}},"260":{"start":{"line":261,"column":0},"end":{"line":261,"column":3}},"262":{"start":{"line":263,"column":0},"end":{"line":263,"column":28}},"263":{"start":{"line":264,"column":0},"end":{"line":264,"column":19}},"264":{"start":{"line":265,"column":0},"end":{"line":265,"column":24}},"265":{"start":{"line":266,"column":0},"end":{"line":266,"column":54}},"266":{"start":{"line":267,"column":0},"end":{"line":267,"column":3}},"267":{"start":{"line":268,"column":0},"end":{"line":268,"column":2}},"268":{"start":{"line":269,"column":0},"end":{"line":269,"column":26}},"269":{"start":{"line":270,"column":0},"end":{"line":270,"column":18}},"270":{"start":{"line":271,"column":0},"end":{"line":271,"column":15}},"271":{"start":{"line":272,"column":0},"end":{"line":272,"column":40}},"272":{"start":{"line":273,"column":0},"end":{"line":273,"column":52}},"273":{"start":{"line":274,"column":0},"end":{"line":274,"column":22}},"274":{"start":{"line":275,"column":0},"end":{"line":275,"column":29}},"275":{"start":{"line":276,"column":0},"end":{"line":276,"column":36}},"276":{"start":{"line":277,"column":0},"end":{"line":277,"column":32}},"277":{"start":{"line":278,"column":0},"end":{"line":278,"column":42}},"278":{"start":{"line":279,"column":0},"end":{"line":279,"column":40}},"279":{"start":{"line":280,"column":0},"end":{"line":280,"column":25}},"280":{"start":{"line":281,"column":0},"end":{"line":281,"column":31}},"281":{"start":{"line":282,"column":0},"end":{"line":282,"column":30}},"282":{"start":{"line":283,"column":0},"end":{"line":283,"column":7}},"283":{"start":{"line":284,"column":0},"end":{"line":284,"column":7}},"284":{"start":{"line":285,"column":0},"end":{"line":285,"column":3}},"286":{"start":{"line":287,"column":0},"end":{"line":287,"column":14}},"287":{"start":{"line":288,"column":0},"end":{"line":288,"column":15}},"288":{"start":{"line":289,"column":0},"end":{"line":289,"column":24}},"289":{"start":{"line":290,"column":0},"end":{"line":290,"column":23}},"290":{"start":{"line":291,"column":0},"end":{"line":291,"column":31}},"291":{"start":{"line":292,"column":0},"end":{"line":292,"column":26}},"292":{"start":{"line":293,"column":0},"end":{"line":293,"column":20}},"293":{"start":{"line":294,"column":0},"end":{"line":294,"column":20}},"294":{"start":{"line":295,"column":0},"end":{"line":295,"column":25}},"295":{"start":{"line":296,"column":0},"end":{"line":296,"column":23}},"296":{"start":{"line":297,"column":0},"end":{"line":297,"column":31}},"297":{"start":{"line":298,"column":0},"end":{"line":298,"column":3}},"299":{"start":{"line":300,"column":0},"end":{"line":300,"column":27}},"300":{"start":{"line":301,"column":0},"end":{"line":301,"column":32}},"301":{"start":{"line":302,"column":0},"end":{"line":302,"column":31}},"303":{"start":{"line":304,"column":0},"end":{"line":304,"column":33}},"304":{"start":{"line":305,"column":0},"end":{"line":305,"column":54}},"305":{"start":{"line":306,"column":0},"end":{"line":306,"column":5}},"306":{"start":{"line":307,"column":0},"end":{"line":307,"column":3}},"308":{"start":{"line":309,"column":0},"end":{"line":309,"column":11}},"309":{"start":{"line":310,"column":0},"end":{"line":310,"column":22}},"310":{"start":{"line":311,"column":0},"end":{"line":311,"column":11}},"311":{"start":{"line":312,"column":0},"end":{"line":312,"column":21}},"312":{"start":{"line":313,"column":0},"end":{"line":313,"column":23}},"313":{"start":{"line":314,"column":0},"end":{"line":314,"column":24}},"314":{"start":{"line":315,"column":0},"end":{"line":315,"column":38}},"315":{"start":{"line":316,"column":0},"end":{"line":316,"column":20}},"316":{"start":{"line":317,"column":0},"end":{"line":317,"column":29}},"317":{"start":{"line":318,"column":0},"end":{"line":318,"column":30}},"318":{"start":{"line":319,"column":0},"end":{"line":319,"column":25}},"319":{"start":{"line":320,"column":0},"end":{"line":320,"column":44}},"320":{"start":{"line":321,"column":0},"end":{"line":321,"column":5}},"322":{"start":{"line":323,"column":0},"end":{"line":323,"column":10}},"323":{"start":{"line":324,"column":0},"end":{"line":324,"column":20}},"324":{"start":{"line":325,"column":0},"end":{"line":325,"column":29}},"325":{"start":{"line":326,"column":0},"end":{"line":326,"column":16}},"326":{"start":{"line":327,"column":0},"end":{"line":327,"column":5}},"328":{"start":{"line":329,"column":0},"end":{"line":329,"column":10}},"329":{"start":{"line":330,"column":0},"end":{"line":330,"column":20}},"330":{"start":{"line":331,"column":0},"end":{"line":331,"column":16}},"331":{"start":{"line":332,"column":0},"end":{"line":332,"column":22}},"332":{"start":{"line":333,"column":0},"end":{"line":333,"column":5}},"334":{"start":{"line":335,"column":0},"end":{"line":335,"column":17}},"335":{"start":{"line":336,"column":0},"end":{"line":336,"column":37}},"336":{"start":{"line":337,"column":0},"end":{"line":337,"column":20}},"337":{"start":{"line":338,"column":0},"end":{"line":338,"column":29}},"338":{"start":{"line":339,"column":0},"end":{"line":339,"column":5}},"340":{"start":{"line":341,"column":0},"end":{"line":341,"column":11}},"341":{"start":{"line":342,"column":0},"end":{"line":342,"column":23}},"342":{"start":{"line":343,"column":0},"end":{"line":343,"column":24}},"343":{"start":{"line":344,"column":0},"end":{"line":344,"column":18}},"344":{"start":{"line":345,"column":0},"end":{"line":345,"column":25}},"345":{"start":{"line":346,"column":0},"end":{"line":346,"column":5}},"347":{"start":{"line":348,"column":0},"end":{"line":348,"column":19}},"348":{"start":{"line":349,"column":0},"end":{"line":349,"column":24}},"349":{"start":{"line":350,"column":0},"end":{"line":350,"column":22}},"350":{"start":{"line":351,"column":0},"end":{"line":351,"column":25}},"351":{"start":{"line":352,"column":0},"end":{"line":352,"column":29}},"352":{"start":{"line":353,"column":0},"end":{"line":353,"column":29}},"353":{"start":{"line":354,"column":0},"end":{"line":354,"column":27}},"354":{"start":{"line":355,"column":0},"end":{"line":355,"column":26}},"355":{"start":{"line":356,"column":0},"end":{"line":356,"column":29}},"356":{"start":{"line":357,"column":0},"end":{"line":357,"column":41}},"357":{"start":{"line":358,"column":0},"end":{"line":358,"column":5}},"359":{"start":{"line":360,"column":0},"end":{"line":360,"column":31}},"360":{"start":{"line":361,"column":0},"end":{"line":361,"column":28}},"361":{"start":{"line":362,"column":0},"end":{"line":362,"column":5}},"363":{"start":{"line":364,"column":0},"end":{"line":364,"column":14}},"364":{"start":{"line":365,"column":0},"end":{"line":365,"column":20}},"365":{"start":{"line":366,"column":0},"end":{"line":366,"column":30}},"366":{"start":{"line":367,"column":0},"end":{"line":367,"column":16}},"367":{"start":{"line":368,"column":0},"end":{"line":368,"column":5}},"369":{"start":{"line":370,"column":0},"end":{"line":370,"column":12}},"370":{"start":{"line":371,"column":0},"end":{"line":371,"column":25}},"371":{"start":{"line":372,"column":0},"end":{"line":372,"column":22}},"372":{"start":{"line":373,"column":0},"end":{"line":373,"column":25}},"373":{"start":{"line":374,"column":0},"end":{"line":374,"column":19}},"374":{"start":{"line":375,"column":0},"end":{"line":375,"column":22}},"375":{"start":{"line":376,"column":0},"end":{"line":376,"column":23}},"376":{"start":{"line":377,"column":0},"end":{"line":377,"column":32}},"377":{"start":{"line":378,"column":0},"end":{"line":378,"column":19}},"378":{"start":{"line":379,"column":0},"end":{"line":379,"column":45}},"379":{"start":{"line":380,"column":0},"end":{"line":380,"column":5}},"381":{"start":{"line":382,"column":0},"end":{"line":382,"column":27}},"382":{"start":{"line":383,"column":0},"end":{"line":383,"column":29}},"383":{"start":{"line":384,"column":0},"end":{"line":384,"column":18}},"384":{"start":{"line":385,"column":0},"end":{"line":385,"column":5}},"386":{"start":{"line":387,"column":0},"end":{"line":387,"column":18}},"387":{"start":{"line":388,"column":0},"end":{"line":388,"column":32}},"388":{"start":{"line":389,"column":0},"end":{"line":389,"column":5}},"390":{"start":{"line":391,"column":0},"end":{"line":391,"column":33}},"391":{"start":{"line":392,"column":0},"end":{"line":392,"column":29}},"392":{"start":{"line":393,"column":0},"end":{"line":393,"column":5}},"394":{"start":{"line":395,"column":0},"end":{"line":395,"column":12}},"395":{"start":{"line":396,"column":0},"end":{"line":396,"column":17}},"396":{"start":{"line":397,"column":0},"end":{"line":397,"column":25}},"397":{"start":{"line":398,"column":0},"end":{"line":398,"column":22}},"398":{"start":{"line":399,"column":0},"end":{"line":399,"column":5}},"400":{"start":{"line":401,"column":0},"end":{"line":401,"column":20}},"401":{"start":{"line":402,"column":0},"end":{"line":402,"column":31}},"402":{"start":{"line":403,"column":0},"end":{"line":403,"column":12}},"403":{"start":{"line":404,"column":0},"end":{"line":404,"column":31}},"404":{"start":{"line":405,"column":0},"end":{"line":405,"column":7}},"405":{"start":{"line":406,"column":0},"end":{"line":406,"column":19}},"406":{"start":{"line":407,"column":0},"end":{"line":407,"column":23}},"407":{"start":{"line":408,"column":0},"end":{"line":408,"column":7}},"408":{"start":{"line":409,"column":0},"end":{"line":409,"column":5}},"409":{"start":{"line":410,"column":0},"end":{"line":410,"column":4}},"410":{"start":{"line":411,"column":0},"end":{"line":411,"column":1}},"412":{"start":{"line":413,"column":0},"end":{"line":413,"column":60}}},"s":{"0":1,"1":1,"2":1,"3":1,"4":1,"5":1,"6":1,"7":1,"9":1,"10":1,"11":2,"12":1,"13":1,"14":0,"15":0,"16":1,"18":1,"19":1,"20":1,"21":1,"22":1,"23":1,"24":1,"25":1,"26":1,"27":1,"28":1,"29":1,"30":1,"32":1,"33":1,"34":1,"35":1,"36":1,"37":1,"38":1,"39":1,"40":1,"41":1,"42":1,"43":1,"44":1,"45":1,"46":1,"47":1,"48":1,"49":1,"50":1,"51":1,"52":1,"53":1,"54":1,"55":1,"56":1,"57":1,"58":1,"59":1,"60":1,"61":1,"62":1,"63":1,"64":1,"65":1,"66":1,"67":1,"68":1,"69":1,"70":1,"71":1,"72":1,"73":1,"74":1,"75":1,"76":1,"77":1,"79":1,"80":1,"81":3,"82":3,"83":3,"84":3,"85":3,"86":3,"87":3,"88":3,"89":3,"90":3,"91":3,"92":3,"94":1,"95":3,"97":3,"98":3,"100":3,"101":3,"102":3,"103":3,"105":3,"106":1,"107":1,"108":1,"109":1,"110":1,"111":1,"112":1,"113":1,"114":1,"115":3,"116":3,"118":1,"119":1,"120":4,"121":4,"122":4,"123":4,"124":4,"125":4,"126":4,"127":4,"128":4,"129":4,"130":4,"131":4,"132":4,"133":4,"134":4,"135":4,"136":4,"137":4,"138":4,"139":4,"140":4,"141":4,"143":4,"144":4,"145":4,"146":4,"147":4,"148":4,"149":4,"150":4,"151":4,"152":4,"153":4,"154":4,"155":4,"156":4,"157":4,"158":4,"159":4,"160":4,"161":4,"162":4,"164":4,"165":4,"166":4,"167":4,"168":4,"169":4,"170":4,"171":4,"172":4,"173":4,"174":4,"175":4,"176":4,"177":4,"178":4,"179":4,"180":4,"181":4,"182":4,"183":4,"185":4,"186":4,"187":4,"188":4,"189":4,"190":4,"191":4,"192":4,"194":1,"195":1,"196":1,"197":1,"199":1,"200":1,"201":1,"202":1,"203":1,"204":1,"205":1,"206":1,"207":1,"208":1,"209":1,"211":1,"212":1,"213":1,"214":1,"215":1,"216":1,"218":0,"219":0,"220":0,"221":1,"222":1,"223":1,"224":1,"225":1,"226":1,"227":1,"228":1,"229":1,"230":1,"231":1,"232":1,"234":0,"236":0,"237":0,"238":0,"239":0,"240":0,"241":0,"242":0,"244":0,"245":0,"246":0,"247":0,"248":1,"249":1,"250":1,"251":1,"252":1,"254":0,"255":0,"257":0,"258":0,"259":0,"260":1,"262":1,"263":1,"264":2,"265":0,"266":2,"267":1,"268":1,"269":1,"270":0,"271":0,"272":0,"273":0,"274":0,"275":0,"276":0,"277":0,"278":0,"279":0,"280":0,"281":0,"282":0,"283":0,"284":0,"286":1,"287":1,"288":0,"289":0,"290":0,"291":0,"292":0,"293":0,"294":0,"295":0,"296":0,"297":0,"299":1,"300":1,"301":1,"303":1,"304":8,"305":8,"306":1,"308":1,"309":1,"310":3,"311":3,"312":3,"313":3,"314":3,"315":3,"316":3,"317":3,"318":3,"319":3,"320":3,"322":3,"323":3,"324":3,"325":3,"326":3,"328":3,"329":3,"330":3,"331":3,"332":3,"334":3,"335":3,"336":3,"337":3,"338":3,"340":3,"341":3,"342":3,"343":3,"344":3,"345":3,"347":3,"348":3,"349":3,"350":3,"351":3,"352":3,"353":3,"354":3,"355":3,"356":3,"357":3,"359":3,"360":3,"361":3,"363":3,"364":3,"365":3,"366":3,"367":3,"369":3,"370":3,"371":3,"372":3,"373":3,"374":3,"375":3,"376":3,"377":3,"378":3,"379":3,"381":3,"382":3,"383":3,"384":3,"386":3,"387":3,"388":3,"390":3,"391":3,"392":3,"394":3,"395":3,"396":3,"397":3,"398":3,"400":3,"401":3,"402":3,"403":3,"404":3,"405":3,"406":3,"407":3,"408":3,"409":1,"410":1,"412":1},"branchMap":{"0":{"type":"branch","line":11,"loc":{"start":{"line":11,"column":9},"end":{"line":13,"column":3}},"locations":[{"start":{"line":11,"column":9},"end":{"line":13,"column":3}}]},"1":{"type":"branch","line":34,"loc":{"start":{"line":34,"column":2},"end":{"line":78,"column":3}},"locations":[{"start":{"line":34,"column":2},"end":{"line":78,"column":3}}]},"2":{"type":"branch","line":81,"loc":{"start":{"line":81,"column":2},"end":{"line":93,"column":3}},"locations":[{"start":{"line":81,"column":2},"end":{"line":93,"column":3}}]},"3":{"type":"branch","line":95,"loc":{"start":{"line":95,"column":2},"end":{"line":117,"column":3}},"locations":[{"start":{"line":95,"column":2},"end":{"line":117,"column":3}}]},"4":{"type":"branch","line":106,"loc":{"start":{"line":106,"column":18},"end":{"line":115,"column":7}},"locations":[{"start":{"line":106,"column":18},"end":{"line":115,"column":7}}]},"5":{"type":"branch","line":104,"loc":{"start":{"line":104,"column":64},"end":{"line":104,"column":85}},"locations":[{"start":{"line":104,"column":64},"end":{"line":104,"column":85}}]},"6":{"type":"branch","line":120,"loc":{"start":{"line":120,"column":2},"end":{"line":193,"column":3}},"locations":[{"start":{"line":120,"column":2},"end":{"line":193,"column":3}}]},"7":{"type":"branch","line":128,"loc":{"start":{"line":128,"column":46},"end":{"line":128,"column":115}},"locations":[{"start":{"line":128,"column":46},"end":{"line":128,"column":115}}]},"8":{"type":"branch","line":128,"loc":{"start":{"line":128,"column":116},"end":{"line":128,"column":120}},"locations":[{"start":{"line":128,"column":116},"end":{"line":128,"column":120}}]},"9":{"type":"branch","line":134,"loc":{"start":{"line":134,"column":45},"end":{"line":134,"column":113}},"locations":[{"start":{"line":134,"column":45},"end":{"line":134,"column":113}}]},"10":{"type":"branch","line":134,"loc":{"start":{"line":134,"column":114},"end":{"line":134,"column":118}},"locations":[{"start":{"line":134,"column":114},"end":{"line":134,"column":118}}]},"11":{"type":"branch","line":140,"loc":{"start":{"line":140,"column":53},"end":{"line":140,"column":129}},"locations":[{"start":{"line":140,"column":53},"end":{"line":140,"column":129}}]},"12":{"type":"branch","line":140,"loc":{"start":{"line":140,"column":130},"end":{"line":140,"column":134}},"locations":[{"start":{"line":140,"column":130},"end":{"line":140,"column":134}}]},"13":{"type":"branch","line":149,"loc":{"start":{"line":149,"column":48},"end":{"line":149,"column":119}},"locations":[{"start":{"line":149,"column":48},"end":{"line":149,"column":119}}]},"14":{"type":"branch","line":149,"loc":{"start":{"line":149,"column":120},"end":{"line":149,"column":124}},"locations":[{"start":{"line":149,"column":120},"end":{"line":149,"column":124}}]},"15":{"type":"branch","line":155,"loc":{"start":{"line":155,"column":42},"end":{"line":155,"column":107}},"locations":[{"start":{"line":155,"column":42},"end":{"line":155,"column":107}}]},"16":{"type":"branch","line":155,"loc":{"start":{"line":155,"column":108},"end":{"line":155,"column":112}},"locations":[{"start":{"line":155,"column":108},"end":{"line":155,"column":112}}]},"17":{"type":"branch","line":161,"loc":{"start":{"line":161,"column":42},"end":{"line":161,"column":107}},"locations":[{"start":{"line":161,"column":42},"end":{"line":161,"column":107}}]},"18":{"type":"branch","line":161,"loc":{"start":{"line":161,"column":108},"end":{"line":161,"column":112}},"locations":[{"start":{"line":161,"column":108},"end":{"line":161,"column":112}}]},"19":{"type":"branch","line":173,"loc":{"start":{"line":173,"column":47},"end":{"line":173,"column":117}},"locations":[{"start":{"line":173,"column":47},"end":{"line":173,"column":117}}]},"20":{"type":"branch","line":173,"loc":{"start":{"line":173,"column":118},"end":{"line":173,"column":122}},"locations":[{"start":{"line":173,"column":118},"end":{"line":173,"column":122}}]},"21":{"type":"branch","line":182,"loc":{"start":{"line":182,"column":45},"end":{"line":182,"column":113}},"locations":[{"start":{"line":182,"column":45},"end":{"line":182,"column":113}}]},"22":{"type":"branch","line":182,"loc":{"start":{"line":182,"column":114},"end":{"line":182,"column":118}},"locations":[{"start":{"line":182,"column":114},"end":{"line":182,"column":118}}]},"23":{"type":"branch","line":171,"loc":{"start":{"line":171,"column":32},"end":{"line":171,"column":104}},"locations":[{"start":{"line":171,"column":32},"end":{"line":171,"column":104}}]},"24":{"type":"branch","line":180,"loc":{"start":{"line":180,"column":30},"end":{"line":180,"column":96}},"locations":[{"start":{"line":180,"column":30},"end":{"line":180,"column":96}}]},"25":{"type":"branch","line":197,"loc":{"start":{"line":197,"column":2},"end":{"line":261,"column":3}},"locations":[{"start":{"line":197,"column":2},"end":{"line":261,"column":3}}]},"26":{"type":"branch","line":201,"loc":{"start":{"line":201,"column":18},"end":{"line":201,"column":29}},"locations":[{"start":{"line":201,"column":18},"end":{"line":201,"column":29}}]},"27":{"type":"branch","line":217,"loc":{"start":{"line":217,"column":4},"end":{"line":222,"column":37}},"locations":[{"start":{"line":217,"column":4},"end":{"line":222,"column":37}}]},"28":{"type":"branch","line":223,"loc":{"start":{"line":223,"column":8},"end":{"line":223,"column":39}},"locations":[{"start":{"line":223,"column":8},"end":{"line":223,"column":39}}]},"29":{"type":"branch","line":225,"loc":{"start":{"line":225,"column":8},"end":{"line":225,"column":69}},"locations":[{"start":{"line":225,"column":8},"end":{"line":225,"column":69}}]},"30":{"type":"branch","line":226,"loc":{"start":{"line":226,"column":8},"end":{"line":226,"column":70}},"locations":[{"start":{"line":226,"column":8},"end":{"line":226,"column":70}}]},"31":{"type":"branch","line":233,"loc":{"start":{"line":233,"column":6},"end":{"line":249,"column":53}},"locations":[{"start":{"line":233,"column":6},"end":{"line":249,"column":53}}]},"32":{"type":"branch","line":250,"loc":{"start":{"line":250,"column":8},"end":{"line":250,"column":55}},"locations":[{"start":{"line":250,"column":8},"end":{"line":250,"column":55}}]},"33":{"type":"branch","line":253,"loc":{"start":{"line":253,"column":6},"end":{"line":261,"column":2}},"locations":[{"start":{"line":253,"column":6},"end":{"line":261,"column":2}}]},"34":{"type":"branch","line":264,"loc":{"start":{"line":264,"column":2},"end":{"line":267,"column":3}},"locations":[{"start":{"line":264,"column":2},"end":{"line":267,"column":3}}]},"35":{"type":"branch","line":265,"loc":{"start":{"line":265,"column":23},"end":{"line":267,"column":2}},"locations":[{"start":{"line":265,"column":23},"end":{"line":267,"column":2}}]},"36":{"type":"branch","line":301,"loc":{"start":{"line":301,"column":2},"end":{"line":307,"column":3}},"locations":[{"start":{"line":301,"column":2},"end":{"line":307,"column":3}}]},"37":{"type":"branch","line":304,"loc":{"start":{"line":304,"column":32},"end":{"line":306,"column":5}},"locations":[{"start":{"line":304,"column":32},"end":{"line":306,"column":5}}]},"38":{"type":"branch","line":310,"loc":{"start":{"line":310,"column":2},"end":{"line":410,"column":3}},"locations":[{"start":{"line":310,"column":2},"end":{"line":410,"column":3}}]}},"b":{"0":[2],"1":[1],"2":[3],"3":[3],"4":[1],"5":[3],"6":[4],"7":[1],"8":[3],"9":[1],"10":[3],"11":[1],"12":[3],"13":[1],"14":[3],"15":[1],"16":[3],"17":[1],"18":[3],"19":[1],"20":[3],"21":[1],"22":[3],"23":[8],"24":[12],"25":[1],"26":[0],"27":[0],"28":[0],"29":[0],"30":[0],"31":[0],"32":[0],"33":[0],"34":[2],"35":[0],"36":[1],"37":[8],"38":[3]},"fnMap":{"0":{"name":"parse","decl":{"start":{"line":11,"column":9},"end":{"line":13,"column":3}},"loc":{"start":{"line":11,"column":9},"end":{"line":13,"column":3}},"line":11},"1":{"name":"format","decl":{"start":{"line":14,"column":10},"end":{"line":16,"column":3}},"loc":{"start":{"line":14,"column":10},"end":{"line":16,"column":3}},"line":14},"2":{"name":"get validationRules","decl":{"start":{"line":34,"column":2},"end":{"line":78,"column":3}},"loc":{"start":{"line":34,"column":2},"end":{"line":78,"column":3}},"line":34},"3":{"name":"AddEditEmployee","decl":{"start":{"line":81,"column":2},"end":{"line":93,"column":3}},"loc":{"start":{"line":81,"column":2},"end":{"line":93,"column":3}},"line":81},"4":{"name":"connectedCallback","decl":{"start":{"line":95,"column":2},"end":{"line":117,"column":3}},"loc":{"start":{"line":95,"column":2},"end":{"line":117,"column":3}},"line":95},"5":{"name":"render","decl":{"start":{"line":120,"column":2},"end":{"line":193,"column":3}},"loc":{"start":{"line":120,"column":2},"end":{"line":193,"column":3}},"line":120},"6":{"name":"handleSave","decl":{"start":{"line":197,"column":2},"end":{"line":261,"column":3}},"loc":{"start":{"line":197,"column":2},"end":{"line":261,"column":3}},"line":197},"7":{"name":"capitalize","decl":{"start":{"line":264,"column":2},"end":{"line":267,"column":3}},"loc":{"start":{"line":264,"column":2},"end":{"line":267,"column":3}},"line":264},"8":{"name":"handleCancel","decl":{"start":{"line":270,"column":2},"end":{"line":285,"column":3}},"loc":{"start":{"line":270,"column":2},"end":{"line":285,"column":3}},"line":270},"9":{"name":"resetForm","decl":{"start":{"line":288,"column":2},"end":{"line":298,"column":3}},"loc":{"start":{"line":288,"column":2},"end":{"line":298,"column":3}},"line":288},"10":{"name":"showValidationErrors","decl":{"start":{"line":301,"column":2},"end":{"line":307,"column":3}},"loc":{"start":{"line":301,"column":2},"end":{"line":307,"column":3}},"line":301},"11":{"name":"<static_initializer>","decl":{"start":{"line":310,"column":2},"end":{"line":410,"column":3}},"loc":{"start":{"line":310,"column":2},"end":{"line":410,"column":3}},"line":310}},"f":{"0":2,"1":0,"2":1,"3":3,"4":3,"5":4,"6":1,"7":2,"8":0,"9":0,"10":1,"11":3}}
,"E:\\WEB\\GithubRepos\\employe-management-app-lit\\src\\components\\app-header.js": {"path":"E:\\WEB\\GithubRepos\\employe-management-app-lit\\src\\components\\app-header.js","all":false,"statementMap":{"0":{"start":{"line":1,"column":0},"end":{"line":1,"column":67}},"1":{"start":{"line":2,"column":0},"end":{"line":2,"column":35}},"3":{"start":{"line":4,"column":0},"end":{"line":4,"column":44}},"4":{"start":{"line":5,"column":0},"end":{"line":5,"column":58}},"6":{"start":{"line":7,"column":0},"end":{"line":7,"column":36}},"7":{"start":{"line":8,"column":0},"end":{"line":8,"column":17}},"8":{"start":{"line":9,"column":0},"end":{"line":9,"column":12}},"9":{"start":{"line":10,"column":0},"end":{"line":10,"column":62}},"10":{"start":{"line":11,"column":0},"end":{"line":11,"column":3}},"12":{"start":{"line":13,"column":0},"end":{"line":13,"column":12}},"13":{"start":{"line":14,"column":0},"end":{"line":14,"column":20}},"14":{"start":{"line":15,"column":0},"end":{"line":15,"column":56}},"15":{"start":{"line":16,"column":0},"end":{"line":16,"column":43}},"16":{"start":{"line":17,"column":0},"end":{"line":17,"column":56}},"17":{"start":{"line":18,"column":0},"end":{"line":18,"column":3}},"19":{"start":{"line":20,"column":0},"end":{"line":20,"column":20}},"20":{"start":{"line":21,"column":0},"end":{"line":21,"column":37}},"21":{"start":{"line":22,"column":0},"end":{"line":22,"column":48}},"22":{"start":{"line":23,"column":0},"end":{"line":23,"column":33}},"23":{"start":{"line":24,"column":0},"end":{"line":24,"column":38}},"24":{"start":{"line":25,"column":0},"end":{"line":25,"column":3}},"26":{"start":{"line":27,"column":0},"end":{"line":27,"column":11}},"27":{"start":{"line":28,"column":0},"end":{"line":28,"column":12}},"28":{"start":{"line":29,"column":0},"end":{"line":29,"column":41}},"29":{"start":{"line":30,"column":0},"end":{"line":30,"column":56}},"31":{"start":{"line":32,"column":0},"end":{"line":32,"column":16}},"32":{"start":{"line":33,"column":0},"end":{"line":33,"column":29}},"33":{"start":{"line":34,"column":0},"end":{"line":34,"column":68}},"34":{"start":{"line":35,"column":0},"end":{"line":35,"column":25}},"35":{"start":{"line":36,"column":0},"end":{"line":36,"column":88}},"36":{"start":{"line":37,"column":0},"end":{"line":37,"column":80}},"37":{"start":{"line":38,"column":0},"end":{"line":38,"column":92}},"38":{"start":{"line":39,"column":0},"end":{"line":39,"column":14}},"39":{"start":{"line":40,"column":0},"end":{"line":40,"column":15}},"40":{"start":{"line":41,"column":0},"end":{"line":41,"column":6}},"41":{"start":{"line":42,"column":0},"end":{"line":42,"column":3}},"42":{"start":{"line":43,"column":0},"end":{"line":43,"column":2}},"43":{"start":{"line":44,"column":0},"end":{"line":44,"column":11}},"44":{"start":{"line":45,"column":0},"end":{"line":45,"column":22}},"45":{"start":{"line":46,"column":0},"end":{"line":46,"column":11}},"46":{"start":{"line":47,"column":0},"end":{"line":47,"column":21}},"47":{"start":{"line":48,"column":0},"end":{"line":48,"column":30}},"48":{"start":{"line":49,"column":0},"end":{"line":49,"column":36}},"49":{"start":{"line":50,"column":0},"end":{"line":50,"column":45}},"50":{"start":{"line":51,"column":0},"end":{"line":51,"column":23}},"51":{"start":{"line":52,"column":0},"end":{"line":52,"column":13}},"52":{"start":{"line":53,"column":0},"end":{"line":53,"column":20}},"53":{"start":{"line":54,"column":0},"end":{"line":54,"column":38}},"54":{"start":{"line":55,"column":0},"end":{"line":55,"column":5}},"56":{"start":{"line":57,"column":0},"end":{"line":57,"column":13}},"57":{"start":{"line":58,"column":0},"end":{"line":58,"column":24}},"58":{"start":{"line":59,"column":0},"end":{"line":59,"column":21}},"59":{"start":{"line":60,"column":0},"end":{"line":60,"column":25}},"60":{"start":{"line":61,"column":0},"end":{"line":61,"column":20}},"61":{"start":{"line":62,"column":0},"end":{"line":62,"column":37}},"62":{"start":{"line":63,"column":0},"end":{"line":63,"column":26}},"63":{"start":{"line":64,"column":0},"end":{"line":64,"column":22}},"64":{"start":{"line":65,"column":0},"end":{"line":65,"column":5}},"66":{"start":{"line":67,"column":0},"end":{"line":67,"column":19}},"67":{"start":{"line":68,"column":0},"end":{"line":68,"column":24}},"68":{"start":{"line":69,"column":0},"end":{"line":69,"column":24}},"69":{"start":{"line":70,"column":0},"end":{"line":70,"column":21}},"70":{"start":{"line":71,"column":0},"end":{"line":71,"column":24}},"71":{"start":{"line":72,"column":0},"end":{"line":72,"column":5}},"73":{"start":{"line":74,"column":0},"end":{"line":74,"column":10}},"74":{"start":{"line":75,"column":0},"end":{"line":75,"column":20}},"75":{"start":{"line":76,"column":0},"end":{"line":76,"column":26}},"76":{"start":{"line":77,"column":0},"end":{"line":77,"column":16}},"77":{"start":{"line":78,"column":0},"end":{"line":78,"column":22}},"78":{"start":{"line":79,"column":0},"end":{"line":79,"column":5}},"80":{"start":{"line":81,"column":0},"end":{"line":81,"column":16}},"81":{"start":{"line":82,"column":0},"end":{"line":82,"column":12}},"82":{"start":{"line":83,"column":0},"end":{"line":83,"column":23}},"83":{"start":{"line":84,"column":0},"end":{"line":84,"column":19}},"84":{"start":{"line":85,"column":0},"end":{"line":85,"column":22}},"85":{"start":{"line":86,"column":0},"end":{"line":86,"column":23}},"86":{"start":{"line":87,"column":0},"end":{"line":87,"column":21}},"87":{"start":{"line":88,"column":0},"end":{"line":88,"column":28}},"88":{"start":{"line":89,"column":0},"end":{"line":89,"column":22}},"89":{"start":{"line":90,"column":0},"end":{"line":90,"column":24}},"90":{"start":{"line":91,"column":0},"end":{"line":91,"column":25}},"91":{"start":{"line":92,"column":0},"end":{"line":92,"column":45}},"92":{"start":{"line":93,"column":0},"end":{"line":93,"column":24}},"93":{"start":{"line":94,"column":0},"end":{"line":94,"column":5}},"95":{"start":{"line":96,"column":0},"end":{"line":96,"column":17}},"96":{"start":{"line":97,"column":0},"end":{"line":97,"column":23}},"97":{"start":{"line":98,"column":0},"end":{"line":98,"column":46}},"98":{"start":{"line":99,"column":0},"end":{"line":99,"column":5}},"100":{"start":{"line":101,"column":0},"end":{"line":101,"column":22}},"101":{"start":{"line":102,"column":0},"end":{"line":102,"column":34}},"102":{"start":{"line":103,"column":0},"end":{"line":103,"column":23}},"103":{"start":{"line":104,"column":0},"end":{"line":104,"column":25}},"104":{"start":{"line":105,"column":0},"end":{"line":105,"column":5}},"105":{"start":{"line":106,"column":0},"end":{"line":106,"column":4}},"106":{"start":{"line":107,"column":0},"end":{"line":107,"column":1}},"108":{"start":{"line":109,"column":0},"end":{"line":109,"column":47}}},"s":{"0":1,"1":1,"3":1,"4":1,"6":1,"7":1,"8":7,"9":7,"10":7,"12":1,"13":1,"14":2,"15":2,"16":2,"17":2,"19":1,"20":1,"21":1,"22":1,"23":1,"24":1,"26":1,"27":1,"28":8,"29":8,"31":8,"32":8,"33":8,"34":8,"35":8,"36":8,"37":8,"38":8,"39":8,"40":8,"41":8,"42":1,"43":1,"44":1,"45":2,"46":2,"47":2,"48":2,"49":2,"50":2,"51":2,"52":2,"53":2,"54":2,"56":2,"57":2,"58":2,"59":2,"60":2,"61":2,"62":2,"63":2,"64":2,"66":2,"67":2,"68":2,"69":2,"70":2,"71":2,"73":2,"74":2,"75":2,"76":2,"77":2,"78":2,"80":2,"81":2,"82":2,"83":2,"84":2,"85":2,"86":2,"87":2,"88":2,"89":2,"90":2,"91":2,"92":2,"93":2,"95":2,"96":2,"97":2,"98":2,"100":2,"101":2,"102":2,"103":2,"104":2,"105":1,"106":1,"108":1},"branchMap":{"0":{"type":"branch","line":8,"loc":{"start":{"line":8,"column":2},"end":{"line":11,"column":3}},"locations":[{"start":{"line":8,"column":2},"end":{"line":11,"column":3}}]},"1":{"type":"branch","line":10,"loc":{"start":{"line":10,"column":34},"end":{"line":10,"column":60}},"locations":[{"start":{"line":10,"column":34},"end":{"line":10,"column":60}}]},"2":{"type":"branch","line":14,"loc":{"start":{"line":14,"column":2},"end":{"line":18,"column":3}},"locations":[{"start":{"line":14,"column":2},"end":{"line":18,"column":3}}]},"3":{"type":"branch","line":20,"loc":{"start":{"line":20,"column":2},"end":{"line":25,"column":3}},"locations":[{"start":{"line":20,"column":2},"end":{"line":25,"column":3}}]},"4":{"type":"branch","line":22,"loc":{"start":{"line":22,"column":34},"end":{"line":22,"column":40}},"locations":[{"start":{"line":22,"column":34},"end":{"line":22,"column":40}}]},"5":{"type":"branch","line":28,"loc":{"start":{"line":28,"column":2},"end":{"line":42,"column":3}},"locations":[{"start":{"line":28,"column":2},"end":{"line":42,"column":3}}]},"6":{"type":"branch","line":30,"loc":{"start":{"line":30,"column":42},"end":{"line":30,"column":48}},"locations":[{"start":{"line":30,"column":42},"end":{"line":30,"column":48}}]},"7":{"type":"branch","line":36,"loc":{"start":{"line":36,"column":22},"end":{"line":36,"column":57}},"locations":[{"start":{"line":36,"column":22},"end":{"line":36,"column":57}}]},"8":{"type":"branch","line":37,"loc":{"start":{"line":37,"column":22},"end":{"line":37,"column":51}},"locations":[{"start":{"line":37,"column":22},"end":{"line":37,"column":51}}]},"9":{"type":"branch","line":45,"loc":{"start":{"line":45,"column":2},"end":{"line":106,"column":3}},"locations":[{"start":{"line":45,"column":2},"end":{"line":106,"column":3}}]}},"b":{"0":[7],"1":[1],"2":[2],"3":[1],"4":[0],"5":[8],"6":[0],"7":[1],"8":[1],"9":[2]},"fnMap":{"0":{"name":"AppHeader","decl":{"start":{"line":8,"column":2},"end":{"line":11,"column":3}},"loc":{"start":{"line":8,"column":2},"end":{"line":11,"column":3}},"line":8},"1":{"name":"navigateTo","decl":{"start":{"line":14,"column":2},"end":{"line":18,"column":3}},"loc":{"start":{"line":14,"column":2},"end":{"line":18,"column":3}},"line":14},"2":{"name":"toggleLanguage","decl":{"start":{"line":20,"column":2},"end":{"line":25,"column":3}},"loc":{"start":{"line":20,"column":2},"end":{"line":25,"column":3}},"line":20},"3":{"name":"render","decl":{"start":{"line":28,"column":2},"end":{"line":42,"column":3}},"loc":{"start":{"line":28,"column":2},"end":{"line":42,"column":3}},"line":28},"4":{"name":"<static_initializer>","decl":{"start":{"line":45,"column":2},"end":{"line":106,"column":3}},"loc":{"start":{"line":45,"column":2},"end":{"line":106,"column":3}},"line":45}},"f":{"0":7,"1":2,"2":1,"3":8,"4":2}}
,"E:\\WEB\\GithubRepos\\employe-management-app-lit\\src\\components\\employee-list.js": {"path":"E:\\WEB\\GithubRepos\\employe-management-app-lit\\src\\components\\employee-list.js","all":false,"statementMap":{"0":{"start":{"line":1,"column":0},"end":{"line":1,"column":67}},"2":{"start":{"line":3,"column":0},"end":{"line":3,"column":44}},"3":{"start":{"line":4,"column":0},"end":{"line":4,"column":105}},"5":{"start":{"line":6,"column":0},"end":{"line":6,"column":69}},"6":{"start":{"line":7,"column":0},"end":{"line":7,"column":35}},"7":{"start":{"line":8,"column":0},"end":{"line":8,"column":51}},"8":{"start":{"line":9,"column":0},"end":{"line":9,"column":62}},"10":{"start":{"line":11,"column":0},"end":{"line":11,"column":39}},"11":{"start":{"line":12,"column":0},"end":{"line":12,"column":15}},"12":{"start":{"line":13,"column":0},"end":{"line":13,"column":23}},"13":{"start":{"line":14,"column":0},"end":{"line":14,"column":31}},"14":{"start":{"line":15,"column":0},"end":{"line":15,"column":33}},"15":{"start":{"line":16,"column":0},"end":{"line":16,"column":34}},"16":{"start":{"line":17,"column":0},"end":{"line":17,"column":31}},"17":{"start":{"line":18,"column":0},"end":{"line":18,"column":31}},"18":{"start":{"line":19,"column":0},"end":{"line":19,"column":4}},"20":{"start":{"line":21,"column":0},"end":{"line":21,"column":16}},"21":{"start":{"line":22,"column":0},"end":{"line":22,"column":17}},"22":{"start":{"line":23,"column":0},"end":{"line":23,"column":12}},"23":{"start":{"line":24,"column":0},"end":{"line":24,"column":62}},"24":{"start":{"line":25,"column":0},"end":{"line":25,"column":24}},"25":{"start":{"line":26,"column":0},"end":{"line":26,"column":25}},"26":{"start":{"line":27,"column":0},"end":{"line":27,"column":25}},"27":{"start":{"line":28,"column":0},"end":{"line":28,"column":22}},"29":{"start":{"line":30,"column":0},"end":{"line":30,"column":137}},"30":{"start":{"line":31,"column":0},"end":{"line":31,"column":200}},"31":{"start":{"line":32,"column":0},"end":{"line":32,"column":46}},"32":{"start":{"line":33,"column":0},"end":{"line":33,"column":46}},"33":{"start":{"line":34,"column":0},"end":{"line":34,"column":41}},"34":{"start":{"line":35,"column":0},"end":{"line":35,"column":43}},"35":{"start":{"line":36,"column":0},"end":{"line":36,"column":37}},"37":{"start":{"line":38,"column":0},"end":{"line":38,"column":46}},"38":{"start":{"line":39,"column":0},"end":{"line":39,"column":14}},"39":{"start":{"line":40,"column":0},"end":{"line":40,"column":79}},"40":{"start":{"line":41,"column":0},"end":{"line":41,"column":75}},"41":{"start":{"line":42,"column":0},"end":{"line":42,"column":8}},"43":{"start":{"line":44,"column":0},"end":{"line":44,"column":66}},"44":{"start":{"line":45,"column":0},"end":{"line":45,"column":76}},"46":{"start":{"line":47,"column":0},"end":{"line":47,"column":29}},"47":{"start":{"line":48,"column":0},"end":{"line":48,"column":37}},"48":{"start":{"line":49,"column":0},"end":{"line":49,"column":7}},"50":{"start":{"line":51,"column":0},"end":{"line":51,"column":51}},"51":{"start":{"line":52,"column":0},"end":{"line":52,"column":46}},"52":{"start":{"line":53,"column":0},"end":{"line":53,"column":48}},"53":{"start":{"line":54,"column":0},"end":{"line":54,"column":42}},"54":{"start":{"line":55,"column":0},"end":{"line":55,"column":42}},"55":{"start":{"line":56,"column":0},"end":{"line":56,"column":68}},"56":{"start":{"line":57,"column":0},"end":{"line":57,"column":3}},"58":{"start":{"line":59,"column":0},"end":{"line":59,"column":26}},"59":{"start":{"line":60,"column":0},"end":{"line":60,"column":33}},"60":{"start":{"line":61,"column":0},"end":{"line":61,"column":23}},"61":{"start":{"line":62,"column":0},"end":{"line":62,"column":3}},"63":{"start":{"line":64,"column":0},"end":{"line":64,"column":12}},"64":{"start":{"line":65,"column":0},"end":{"line":65,"column":16}},"65":{"start":{"line":66,"column":0},"end":{"line":66,"column":20}},"66":{"start":{"line":67,"column":0},"end":{"line":67,"column":41}},"67":{"start":{"line":68,"column":0},"end":{"line":68,"column":3}},"69":{"start":{"line":70,"column":0},"end":{"line":70,"column":11}},"70":{"start":{"line":71,"column":0},"end":{"line":71,"column":20}},"71":{"start":{"line":72,"column":0},"end":{"line":72,"column":33}},"72":{"start":{"line":73,"column":0},"end":{"line":73,"column":41}},"73":{"start":{"line":74,"column":0},"end":{"line":74,"column":3}},"75":{"start":{"line":76,"column":0},"end":{"line":76,"column":11}},"76":{"start":{"line":77,"column":0},"end":{"line":77,"column":22}},"77":{"start":{"line":78,"column":0},"end":{"line":78,"column":15}},"78":{"start":{"line":79,"column":0},"end":{"line":79,"column":40}},"79":{"start":{"line":80,"column":0},"end":{"line":80,"column":55}},"80":{"start":{"line":81,"column":0},"end":{"line":81,"column":22}},"81":{"start":{"line":82,"column":0},"end":{"line":82,"column":29}},"82":{"start":{"line":83,"column":0},"end":{"line":83,"column":36}},"83":{"start":{"line":84,"column":0},"end":{"line":84,"column":32}},"84":{"start":{"line":85,"column":0},"end":{"line":85,"column":42}},"85":{"start":{"line":86,"column":0},"end":{"line":86,"column":43}},"86":{"start":{"line":87,"column":0},"end":{"line":87,"column":25}},"87":{"start":{"line":88,"column":0},"end":{"line":88,"column":31}},"88":{"start":{"line":89,"column":0},"end":{"line":89,"column":43}},"89":{"start":{"line":90,"column":0},"end":{"line":90,"column":18}},"90":{"start":{"line":91,"column":0},"end":{"line":91,"column":31}},"91":{"start":{"line":92,"column":0},"end":{"line":92,"column":54}},"92":{"start":{"line":93,"column":0},"end":{"line":93,"column":19}},"93":{"start":{"line":94,"column":0},"end":{"line":94,"column":10}},"94":{"start":{"line":95,"column":0},"end":{"line":95,"column":7}},"95":{"start":{"line":96,"column":0},"end":{"line":96,"column":7}},"96":{"start":{"line":97,"column":0},"end":{"line":97,"column":3}},"98":{"start":{"line":99,"column":0},"end":{"line":99,"column":9}},"99":{"start":{"line":100,"column":0},"end":{"line":100,"column":26}},"100":{"start":{"line":101,"column":0},"end":{"line":101,"column":42}},"101":{"start":{"line":102,"column":0},"end":{"line":102,"column":42}},"102":{"start":{"line":103,"column":0},"end":{"line":103,"column":56}},"103":{"start":{"line":104,"column":0},"end":{"line":104,"column":3}},"105":{"start":{"line":106,"column":0},"end":{"line":106,"column":15}},"106":{"start":{"line":107,"column":0},"end":{"line":107,"column":21}},"107":{"start":{"line":108,"column":0},"end":{"line":108,"column":16}},"108":{"start":{"line":109,"column":0},"end":{"line":109,"column":64}},"109":{"start":{"line":110,"column":0},"end":{"line":110,"column":32}},"110":{"start":{"line":111,"column":0},"end":{"line":111,"column":26}},"111":{"start":{"line":112,"column":0},"end":{"line":112,"column":46}},"112":{"start":{"line":113,"column":0},"end":{"line":113,"column":34}},"114":{"start":{"line":115,"column":0},"end":{"line":115,"column":32}},"115":{"start":{"line":116,"column":0},"end":{"line":116,"column":25}},"116":{"start":{"line":117,"column":0},"end":{"line":117,"column":45}},"117":{"start":{"line":118,"column":0},"end":{"line":118,"column":34}},"119":{"start":{"line":120,"column":0},"end":{"line":120,"column":27}},"120":{"start":{"line":121,"column":0},"end":{"line":121,"column":33}},"121":{"start":{"line":122,"column":0},"end":{"line":122,"column":54}},"122":{"start":{"line":123,"column":0},"end":{"line":123,"column":29}},"124":{"start":{"line":125,"column":0},"end":{"line":125,"column":27}},"125":{"start":{"line":126,"column":0},"end":{"line":126,"column":28}},"126":{"start":{"line":127,"column":0},"end":{"line":127,"column":49}},"127":{"start":{"line":128,"column":0},"end":{"line":128,"column":29}},"129":{"start":{"line":130,"column":0},"end":{"line":130,"column":27}},"130":{"start":{"line":131,"column":0},"end":{"line":131,"column":22}},"131":{"start":{"line":132,"column":0},"end":{"line":132,"column":41}},"132":{"start":{"line":133,"column":0},"end":{"line":133,"column":29}},"134":{"start":{"line":135,"column":0},"end":{"line":135,"column":27}},"135":{"start":{"line":136,"column":0},"end":{"line":136,"column":22}},"136":{"start":{"line":137,"column":0},"end":{"line":137,"column":41}},"137":{"start":{"line":138,"column":0},"end":{"line":138,"column":29}},"139":{"start":{"line":140,"column":0},"end":{"line":140,"column":27}},"140":{"start":{"line":141,"column":0},"end":{"line":141,"column":27}},"141":{"start":{"line":142,"column":0},"end":{"line":142,"column":46}},"142":{"start":{"line":143,"column":0},"end":{"line":143,"column":29}},"144":{"start":{"line":145,"column":0},"end":{"line":145,"column":27}},"145":{"start":{"line":146,"column":0},"end":{"line":146,"column":25}},"146":{"start":{"line":147,"column":0},"end":{"line":147,"column":44}},"147":{"start":{"line":148,"column":0},"end":{"line":148,"column":29}},"149":{"start":{"line":150,"column":0},"end":{"line":150,"column":27}},"150":{"start":{"line":151,"column":0},"end":{"line":151,"column":42}},"151":{"start":{"line":152,"column":0},"end":{"line":152,"column":50}},"152":{"start":{"line":153,"column":0},"end":{"line":153,"column":42}},"153":{"start":{"line":154,"column":0},"end":{"line":154,"column":30}},"154":{"start":{"line":155,"column":0},"end":{"line":155,"column":45}},"155":{"start":{"line":156,"column":0},"end":{"line":156,"column":52}},"156":{"start":{"line":157,"column":0},"end":{"line":157,"column":55}},"157":{"start":{"line":158,"column":0},"end":{"line":158,"column":20}},"158":{"start":{"line":159,"column":0},"end":{"line":159,"column":14}},"160":{"start":{"line":161,"column":0},"end":{"line":161,"column":78}},"161":{"start":{"line":162,"column":0},"end":{"line":162,"column":42}},"162":{"start":{"line":163,"column":0},"end":{"line":163,"column":15}},"164":{"start":{"line":165,"column":0},"end":{"line":165,"column":80}},"165":{"start":{"line":166,"column":0},"end":{"line":166,"column":47}},"166":{"start":{"line":167,"column":0},"end":{"line":167,"column":15}},"167":{"start":{"line":168,"column":0},"end":{"line":168,"column":13}},"168":{"start":{"line":169,"column":0},"end":{"line":169,"column":29}},"169":{"start":{"line":170,"column":0},"end":{"line":170,"column":20}},"170":{"start":{"line":171,"column":0},"end":{"line":171,"column":6}},"171":{"start":{"line":172,"column":0},"end":{"line":172,"column":3}},"173":{"start":{"line":174,"column":0},"end":{"line":174,"column":14}},"174":{"start":{"line":175,"column":0},"end":{"line":175,"column":20}},"175":{"start":{"line":176,"column":0},"end":{"line":176,"column":16}},"176":{"start":{"line":177,"column":0},"end":{"line":177,"column":29}},"177":{"start":{"line":178,"column":0},"end":{"line":178,"column":39}},"178":{"start":{"line":179,"column":0},"end":{"line":179,"column":37}},"179":{"start":{"line":180,"column":0},"end":{"line":180,"column":44}},"180":{"start":{"line":181,"column":0},"end":{"line":181,"column":84}},"181":{"start":{"line":182,"column":0},"end":{"line":182,"column":82}},"182":{"start":{"line":183,"column":0},"end":{"line":183,"column":99}},"183":{"start":{"line":184,"column":0},"end":{"line":184,"column":89}},"184":{"start":{"line":185,"column":0},"end":{"line":185,"column":75}},"185":{"start":{"line":186,"column":0},"end":{"line":186,"column":75}},"186":{"start":{"line":187,"column":0},"end":{"line":187,"column":85}},"187":{"start":{"line":188,"column":0},"end":{"line":188,"column":81}},"188":{"start":{"line":189,"column":0},"end":{"line":189,"column":18}},"189":{"start":{"line":190,"column":0},"end":{"line":190,"column":33}},"190":{"start":{"line":191,"column":0},"end":{"line":191,"column":90}},"191":{"start":{"line":192,"column":0},"end":{"line":192,"column":98}},"192":{"start":{"line":193,"column":0},"end":{"line":193,"column":18}},"193":{"start":{"line":194,"column":0},"end":{"line":194,"column":16}},"194":{"start":{"line":195,"column":0},"end":{"line":195,"column":11}},"195":{"start":{"line":196,"column":0},"end":{"line":196,"column":12}},"196":{"start":{"line":197,"column":0},"end":{"line":197,"column":6}},"197":{"start":{"line":198,"column":0},"end":{"line":198,"column":3}},"199":{"start":{"line":200,"column":0},"end":{"line":200,"column":15}},"200":{"start":{"line":201,"column":0},"end":{"line":201,"column":22}},"201":{"start":{"line":202,"column":0},"end":{"line":202,"column":44}},"203":{"start":{"line":204,"column":0},"end":{"line":204,"column":49}},"204":{"start":{"line":205,"column":0},"end":{"line":205,"column":12}},"205":{"start":{"line":206,"column":0},"end":{"line":206,"column":77}},"206":{"start":{"line":207,"column":0},"end":{"line":207,"column":73}},"207":{"start":{"line":208,"column":0},"end":{"line":208,"column":13}},"209":{"start":{"line":210,"column":0},"end":{"line":210,"column":64}},"211":{"start":{"line":212,"column":0},"end":{"line":212,"column":21}},"212":{"start":{"line":213,"column":0},"end":{"line":213,"column":43}},"213":{"start":{"line":214,"column":0},"end":{"line":214,"column":20}},"214":{"start":{"line":215,"column":0},"end":{"line":215,"column":5}},"216":{"start":{"line":217,"column":0},"end":{"line":217,"column":16}},"217":{"start":{"line":218,"column":0},"end":{"line":218,"column":30}},"218":{"start":{"line":219,"column":0},"end":{"line":219,"column":15}},"219":{"start":{"line":220,"column":0},"end":{"line":220,"column":23}},"220":{"start":{"line":221,"column":0},"end":{"line":221,"column":76}},"221":{"start":{"line":222,"column":0},"end":{"line":222,"column":36}},"222":{"start":{"line":223,"column":0},"end":{"line":223,"column":9}},"223":{"start":{"line":224,"column":0},"end":{"line":224,"column":14}},"224":{"start":{"line":225,"column":0},"end":{"line":225,"column":17}},"226":{"start":{"line":227,"column":0},"end":{"line":227,"column":20}},"227":{"start":{"line":228,"column":0},"end":{"line":228,"column":25}},"228":{"start":{"line":229,"column":0},"end":{"line":229,"column":19}},"229":{"start":{"line":230,"column":0},"end":{"line":230,"column":64}},"230":{"start":{"line":231,"column":0},"end":{"line":231,"column":51}},"231":{"start":{"line":232,"column":0},"end":{"line":232,"column":45}},"232":{"start":{"line":233,"column":0},"end":{"line":233,"column":13}},"233":{"start":{"line":234,"column":0},"end":{"line":234,"column":21}},"234":{"start":{"line":235,"column":0},"end":{"line":235,"column":21}},"235":{"start":{"line":236,"column":0},"end":{"line":236,"column":11}},"236":{"start":{"line":237,"column":0},"end":{"line":237,"column":10}},"238":{"start":{"line":239,"column":0},"end":{"line":239,"column":15}},"239":{"start":{"line":240,"column":0},"end":{"line":240,"column":23}},"240":{"start":{"line":241,"column":0},"end":{"line":241,"column":24}},"241":{"start":{"line":242,"column":0},"end":{"line":242,"column":72}},"242":{"start":{"line":243,"column":0},"end":{"line":243,"column":32}},"243":{"start":{"line":244,"column":0},"end":{"line":244,"column":9}},"244":{"start":{"line":245,"column":0},"end":{"line":245,"column":14}},"245":{"start":{"line":246,"column":0},"end":{"line":246,"column":17}},"246":{"start":{"line":247,"column":0},"end":{"line":247,"column":12}},"247":{"start":{"line":248,"column":0},"end":{"line":248,"column":6}},"248":{"start":{"line":249,"column":0},"end":{"line":249,"column":3}},"250":{"start":{"line":251,"column":0},"end":{"line":251,"column":12}},"251":{"start":{"line":252,"column":0},"end":{"line":252,"column":16}},"252":{"start":{"line":253,"column":0},"end":{"line":253,"column":23}},"253":{"start":{"line":254,"column":0},"end":{"line":254,"column":28}},"254":{"start":{"line":255,"column":0},"end":{"line":255,"column":46}},"255":{"start":{"line":256,"column":0},"end":{"line":256,"column":34}},"256":{"start":{"line":257,"column":0},"end":{"line":257,"column":125}},"257":{"start":{"line":258,"column":0},"end":{"line":258,"column":122}},"258":{"start":{"line":259,"column":0},"end":{"line":259,"column":14}},"259":{"start":{"line":260,"column":0},"end":{"line":260,"column":12}},"261":{"start":{"line":262,"column":0},"end":{"line":262,"column":21}},"262":{"start":{"line":263,"column":0},"end":{"line":263,"column":126}},"264":{"start":{"line":265,"column":0},"end":{"line":265,"column":42}},"265":{"start":{"line":266,"column":0},"end":{"line":266,"column":101}},"267":{"start":{"line":268,"column":0},"end":{"line":268,"column":25}},"268":{"start":{"line":269,"column":0},"end":{"line":269,"column":32}},"269":{"start":{"line":270,"column":0},"end":{"line":270,"column":6}},"270":{"start":{"line":271,"column":0},"end":{"line":271,"column":3}},"272":{"start":{"line":273,"column":0},"end":{"line":273,"column":11}},"273":{"start":{"line":274,"column":0},"end":{"line":274,"column":22}},"274":{"start":{"line":275,"column":0},"end":{"line":275,"column":11}},"275":{"start":{"line":276,"column":0},"end":{"line":276,"column":21}},"276":{"start":{"line":277,"column":0},"end":{"line":277,"column":20}},"277":{"start":{"line":278,"column":0},"end":{"line":278,"column":29}},"278":{"start":{"line":279,"column":0},"end":{"line":279,"column":5}},"280":{"start":{"line":281,"column":0},"end":{"line":281,"column":15}},"281":{"start":{"line":282,"column":0},"end":{"line":282,"column":20}},"282":{"start":{"line":283,"column":0},"end":{"line":283,"column":37}},"283":{"start":{"line":284,"column":0},"end":{"line":284,"column":26}},"284":{"start":{"line":285,"column":0},"end":{"line":285,"column":26}},"285":{"start":{"line":286,"column":0},"end":{"line":286,"column":22}},"286":{"start":{"line":287,"column":0},"end":{"line":287,"column":16}},"287":{"start":{"line":288,"column":0},"end":{"line":288,"column":5}},"289":{"start":{"line":290,"column":0},"end":{"line":290,"column":18}},"290":{"start":{"line":291,"column":0},"end":{"line":291,"column":21}},"291":{"start":{"line":292,"column":0},"end":{"line":292,"column":24}},"292":{"start":{"line":293,"column":0},"end":{"line":293,"column":16}},"293":{"start":{"line":294,"column":0},"end":{"line":294,"column":5}},"295":{"start":{"line":296,"column":0},"end":{"line":296,"column":16}},"296":{"start":{"line":297,"column":0},"end":{"line":297,"column":20}},"297":{"start":{"line":298,"column":0},"end":{"line":298,"column":64}},"298":{"start":{"line":299,"column":0},"end":{"line":299,"column":16}},"299":{"start":{"line":300,"column":0},"end":{"line":300,"column":23}},"300":{"start":{"line":301,"column":0},"end":{"line":301,"column":5}},"302":{"start":{"line":303,"column":0},"end":{"line":303,"column":19}},"303":{"start":{"line":304,"column":0},"end":{"line":304,"column":20}},"304":{"start":{"line":305,"column":0},"end":{"line":305,"column":16}},"305":{"start":{"line":306,"column":0},"end":{"line":306,"column":5}},"307":{"start":{"line":308,"column":0},"end":{"line":308,"column":26}},"308":{"start":{"line":309,"column":0},"end":{"line":309,"column":32}},"309":{"start":{"line":310,"column":0},"end":{"line":310,"column":19}},"310":{"start":{"line":311,"column":0},"end":{"line":311,"column":19}},"311":{"start":{"line":312,"column":0},"end":{"line":312,"column":24}},"312":{"start":{"line":313,"column":0},"end":{"line":313,"column":25}},"313":{"start":{"line":314,"column":0},"end":{"line":314,"column":23}},"314":{"start":{"line":315,"column":0},"end":{"line":315,"column":24}},"315":{"start":{"line":316,"column":0},"end":{"line":316,"column":22}},"316":{"start":{"line":317,"column":0},"end":{"line":317,"column":45}},"317":{"start":{"line":318,"column":0},"end":{"line":318,"column":5}},"319":{"start":{"line":320,"column":0},"end":{"line":320,"column":32}},"320":{"start":{"line":321,"column":0},"end":{"line":321,"column":32}},"321":{"start":{"line":322,"column":0},"end":{"line":322,"column":5}},"323":{"start":{"line":324,"column":0},"end":{"line":324,"column":11}},"324":{"start":{"line":325,"column":0},"end":{"line":325,"column":26}},"325":{"start":{"line":326,"column":0},"end":{"line":326,"column":24}},"326":{"start":{"line":327,"column":0},"end":{"line":327,"column":18}},"327":{"start":{"line":328,"column":0},"end":{"line":328,"column":23}},"328":{"start":{"line":329,"column":0},"end":{"line":329,"column":29}},"329":{"start":{"line":330,"column":0},"end":{"line":330,"column":22}},"330":{"start":{"line":331,"column":0},"end":{"line":331,"column":29}},"331":{"start":{"line":332,"column":0},"end":{"line":332,"column":26}},"332":{"start":{"line":333,"column":0},"end":{"line":333,"column":57}},"333":{"start":{"line":334,"column":0},"end":{"line":334,"column":5}},"335":{"start":{"line":336,"column":0},"end":{"line":336,"column":12}},"336":{"start":{"line":337,"column":0},"end":{"line":337,"column":36}},"337":{"start":{"line":338,"column":0},"end":{"line":338,"column":19}},"338":{"start":{"line":339,"column":0},"end":{"line":339,"column":19}},"339":{"start":{"line":340,"column":0},"end":{"line":340,"column":22}},"340":{"start":{"line":341,"column":0},"end":{"line":341,"column":20}},"341":{"start":{"line":342,"column":0},"end":{"line":342,"column":26}},"342":{"start":{"line":343,"column":0},"end":{"line":343,"column":30}},"343":{"start":{"line":344,"column":0},"end":{"line":344,"column":18}},"344":{"start":{"line":345,"column":0},"end":{"line":345,"column":19}},"345":{"start":{"line":346,"column":0},"end":{"line":346,"column":45}},"346":{"start":{"line":347,"column":0},"end":{"line":347,"column":25}},"347":{"start":{"line":348,"column":0},"end":{"line":348,"column":5}},"349":{"start":{"line":350,"column":0},"end":{"line":350,"column":18}},"350":{"start":{"line":351,"column":0},"end":{"line":351,"column":46}},"351":{"start":{"line":352,"column":0},"end":{"line":352,"column":5}},"353":{"start":{"line":354,"column":0},"end":{"line":354,"column":16}},"354":{"start":{"line":355,"column":0},"end":{"line":355,"column":20}},"355":{"start":{"line":356,"column":0},"end":{"line":356,"column":18}},"356":{"start":{"line":357,"column":0},"end":{"line":357,"column":19}},"357":{"start":{"line":358,"column":0},"end":{"line":358,"column":5}},"359":{"start":{"line":360,"column":0},"end":{"line":360,"column":17}},"360":{"start":{"line":361,"column":0},"end":{"line":361,"column":20}},"361":{"start":{"line":362,"column":0},"end":{"line":362,"column":30}},"362":{"start":{"line":363,"column":0},"end":{"line":363,"column":15}},"363":{"start":{"line":364,"column":0},"end":{"line":364,"column":23}},"364":{"start":{"line":365,"column":0},"end":{"line":365,"column":18}},"365":{"start":{"line":366,"column":0},"end":{"line":366,"column":5}},"367":{"start":{"line":368,"column":0},"end":{"line":368,"column":24}},"368":{"start":{"line":369,"column":0},"end":{"line":369,"column":23}},"369":{"start":{"line":370,"column":0},"end":{"line":370,"column":19}},"370":{"start":{"line":371,"column":0},"end":{"line":371,"column":22}},"371":{"start":{"line":372,"column":0},"end":{"line":372,"column":23}},"372":{"start":{"line":373,"column":0},"end":{"line":373,"column":22}},"373":{"start":{"line":374,"column":0},"end":{"line":374,"column":33}},"374":{"start":{"line":375,"column":0},"end":{"line":375,"column":24}},"375":{"start":{"line":376,"column":0},"end":{"line":376,"column":5}},"377":{"start":{"line":378,"column":0},"end":{"line":378,"column":30}},"378":{"start":{"line":379,"column":0},"end":{"line":379,"column":21}},"379":{"start":{"line":380,"column":0},"end":{"line":380,"column":24}},"380":{"start":{"line":381,"column":0},"end":{"line":381,"column":24}},"381":{"start":{"line":382,"column":0},"end":{"line":382,"column":5}},"383":{"start":{"line":384,"column":0},"end":{"line":384,"column":31}},"384":{"start":{"line":385,"column":0},"end":{"line":385,"column":32}},"385":{"start":{"line":386,"column":0},"end":{"line":386,"column":19}},"386":{"start":{"line":387,"column":0},"end":{"line":387,"column":25}},"387":{"start":{"line":388,"column":0},"end":{"line":388,"column":18}},"388":{"start":{"line":389,"column":0},"end":{"line":389,"column":19}},"389":{"start":{"line":390,"column":0},"end":{"line":390,"column":17}},"390":{"start":{"line":391,"column":0},"end":{"line":391,"column":23}},"391":{"start":{"line":392,"column":0},"end":{"line":392,"column":19}},"392":{"start":{"line":393,"column":0},"end":{"line":393,"column":5}},"395":{"start":{"line":396,"column":0},"end":{"line":396,"column":20}},"396":{"start":{"line":397,"column":0},"end":{"line":397,"column":31}},"397":{"start":
[...]
7":3,"398":3,"399":3,"401":3,"402":3,"403":3,"404":3,"406":3,"407":3,"408":3,"410":3,"411":3,"412":3,"413":3,"415":3,"416":3,"417":3,"418":3,"419":3,"421":3,"422":3,"423":3,"424":3,"425":3,"426":3,"427":3,"428":3,"429":3,"430":3,"432":3,"433":3,"434":3,"435":3,"436":3,"437":3,"439":3,"440":3,"441":3,"442":3,"444":3,"445":3,"446":3,"448":3,"449":3,"450":3,"451":3,"452":3,"453":3,"455":3,"456":3,"457":3,"458":3,"459":3,"460":3,"461":3,"462":3,"463":3,"464":3,"465":3,"466":3,"467":3,"468":3,"470":3,"471":3,"472":3,"473":3,"475":3,"476":3,"477":3,"479":3,"480":3,"481":3,"482":3,"483":1,"484":1,"486":1},"branchMap":{"0":{"type":"branch","line":22,"loc":{"start":{"line":22,"column":2},"end":{"line":57,"column":3}},"locations":[{"start":{"line":22,"column":2},"end":{"line":57,"column":3}}]},"1":{"type":"branch","line":32,"loc":{"start":{"line":32,"column":39},"end":{"line":49,"column":5}},"locations":[{"start":{"line":32,"column":39},"end":{"line":49,"column":5}}]},"2":{"type":"branch","line":39,"loc":{"start":{"line":39,"column":8},"end":{"line":41,"column":75}},"locations":[{"start":{"line":39,"column":8},"end":{"line":41,"column":75}}]},"3":{"type":"branch","line":40,"loc":{"start":{"line":40,"column":77},"end":{"line":41,"column":75}},"locations":[{"start":{"line":40,"column":77},"end":{"line":41,"column":75}}]},"4":{"type":"branch","line":59,"loc":{"start":{"line":59,"column":2},"end":{"line":62,"column":3}},"locations":[{"start":{"line":59,"column":2},"end":{"line":62,"column":3}}]},"5":{"type":"branch","line":71,"loc":{"start":{"line":71,"column":2},"end":{"line":74,"column":3}},"locations":[{"start":{"line":71,"column":2},"end":{"line":74,"column":3}}]},"6":{"type":"branch","line":77,"loc":{"start":{"line":77,"column":2},"end":{"line":97,"column":3}},"locations":[{"start":{"line":77,"column":2},"end":{"line":97,"column":3}}]},"7":{"type":"branch","line":87,"loc":{"start":{"line":87,"column":12},"end":{"line":96,"column":5}},"locations":[{"start":{"line":87,"column":12},"end":{"line":96,"column":5}}]},"8":{"type":"branch","line":100,"loc":{"start":{"line":100,"column":2},"end":{"line":104,"column":3}},"locations":[{"start":{"line":100,"column":2},"end":{"line":104,"column":3}}]},"9":{"type":"branch","line":107,"loc":{"start":{"line":107,"column":2},"end":{"line":172,"column":3}},"locations":[{"start":{"line":107,"column":2},"end":{"line":172,"column":3}}]},"10":{"type":"branch","line":175,"loc":{"start":{"line":175,"column":2},"end":{"line":198,"column":3}},"locations":[{"start":{"line":175,"column":2},"end":{"line":198,"column":3}}]},"11":{"type":"branch","line":178,"loc":{"start":{"line":178,"column":29},"end":{"line":195,"column":9}},"locations":[{"start":{"line":178,"column":29},"end":{"line":195,"column":9}}]},"12":{"type":"branch","line":201,"loc":{"start":{"line":201,"column":2},"end":{"line":249,"column":3}},"locations":[{"start":{"line":201,"column":2},"end":{"line":249,"column":3}}]},"13":{"type":"branch","line":213,"loc":{"start":{"line":213,"column":42},"end":{"line":215,"column":5}},"locations":[{"start":{"line":213,"column":42},"end":{"line":215,"column":5}}]},"14":{"type":"branch","line":205,"loc":{"start":{"line":205,"column":6},"end":{"line":207,"column":73}},"locations":[{"start":{"line":205,"column":6},"end":{"line":207,"column":73}}]},"15":{"type":"branch","line":206,"loc":{"start":{"line":206,"column":75},"end":{"line":207,"column":73}},"locations":[{"start":{"line":206,"column":75},"end":{"line":207,"column":73}}]},"16":{"type":"branch","line":228,"loc":{"start":{"line":228,"column":10},"end":{"line":236,"column":11}},"locations":[{"start":{"line":228,"column":10},"end":{"line":236,"column":11}}]},"17":{"type":"branch","line":230,"loc":{"start":{"line":230,"column":48},"end":{"line":230,"column":58}},"locations":[{"start":{"line":230,"column":48},"end":{"line":230,"column":58}}]},"18":{"type":"branch","line":230,"loc":{"start":{"line":230,"column":59},"end":{"line":230,"column":63}},"locations":[{"start":{"line":230,"column":59},"end":{"line":230,"column":63}}]},"19":{"type":"branch","line":251,"loc":{"start":{"line":251,"column":2},"end":{"line":271,"column":3}},"locations":[{"start":{"line":251,"column":2},"end":{"line":271,"column":3}}]},"20":{"type":"branch","line":266,"loc":{"start":{"line":266,"column":34},"end":{"line":266,"column":67}},"locations":[{"start":{"line":266,"column":34},"end":{"line":266,"column":67}}]},"21":{"type":"branch","line":266,"loc":{"start":{"line":266,"column":68},"end":{"line":266,"column":100}},"locations":[{"start":{"line":266,"column":68},"end":{"line":266,"column":100}}]},"22":{"type":"branch","line":257,"loc":{"start":{"line":257,"column":27},"end":{"line":257,"column":69}},"locations":[{"start":{"line":257,"column":27},"end":{"line":257,"column":69}}]},"23":{"type":"branch","line":258,"loc":{"start":{"line":258,"column":27},"end":{"line":258,"column":68}},"locations":[{"start":{"line":258,"column":27},"end":{"line":258,"column":68}}]},"24":{"type":"branch","line":274,"loc":{"start":{"line":274,"column":2},"end":{"line":484,"column":3}},"locations":[{"start":{"line":274,"column":2},"end":{"line":484,"column":3}}]}},"b":{"0":[6],"1":[4],"2":[47],"3":[44],"4":[5],"5":[1],"6":[1],"7":[1],"8":[1],"9":[8],"10":[1],"11":[1],"12":[9],"13":[11],"14":[106],"15":[77],"16":[11],"17":[7],"18":[4],"19":[9],"20":[8],"21":[1],"22":[1],"23":[1],"24":[3]},"fnMap":{"0":{"name":"EmployeeList","decl":{"start":{"line":22,"column":2},"end":{"line":57,"column":3}},"loc":{"start":{"line":22,"column":2},"end":{"line":57,"column":3}},"line":22},"1":{"name":"disconnectedCallback","decl":{"start":{"line":59,"column":2},"end":{"line":62,"column":3}},"loc":{"start":{"line":59,"column":2},"end":{"line":62,"column":3}},"line":59},"2":{"name":"changePage","decl":{"start":{"line":66,"column":2},"end":{"line":68,"column":3}},"loc":{"start":{"line":66,"column":2},"end":{"line":68,"column":3}},"line":66},"3":{"name":"onSearchInput","decl":{"start":{"line":71,"column":2},"end":{"line":74,"column":3}},"loc":{"start":{"line":71,"column":2},"end":{"line":74,"column":3}},"line":71},"4":{"name":"deleteEmployee","decl":{"start":{"line":77,"column":2},"end":{"line":97,"column":3}},"loc":{"start":{"line":77,"column":2},"end":{"line":97,"column":3}},"line":77},"5":{"name":"editEmployee","decl":{"start":{"line":100,"column":2},"end":{"line":104,"column":3}},"loc":{"start":{"line":100,"column":2},"end":{"line":104,"column":3}},"line":100},"6":{"name":"renderTableView","decl":{"start":{"line":107,"column":2},"end":{"line":172,"column":3}},"loc":{"start":{"line":107,"column":2},"end":{"line":172,"column":3}},"line":107},"7":{"name":"renderListView","decl":{"start":{"line":175,"column":2},"end":{"line":198,"column":3}},"loc":{"start":{"line":175,"column":2},"end":{"line":198,"column":3}},"line":175},"8":{"name":"renderPagination","decl":{"start":{"line":201,"column":2},"end":{"line":249,"column":3}},"loc":{"start":{"line":201,"column":2},"end":{"line":249,"column":3}},"line":201},"9":{"name":"render","decl":{"start":{"line":251,"column":2},"end":{"line":271,"column":3}},"loc":{"start":{"line":251,"column":2},"end":{"line":271,"column":3}},"line":251},"10":{"name":"<static_initializer>","decl":{"start":{"line":274,"column":2},"end":{"line":484,"column":3}},"loc":{"start":{"line":274,"column":2},"end":{"line":484,"column":3}},"line":274}},"f":{"0":6,"1":5,"2":0,"3":1,"4":1,"5":1,"6":8,"7":1,"8":9,"9":9,"10":3}}
,"E:\\WEB\\GithubRepos\\employe-management-app-lit\\src\\data\\constants.js": {"path":"E:\\WEB\\GithubRepos\\employe-management-app-lit\\src\\data\\constants.js","all":false,"statementMap":{"0":{"start":{"line":1,"column":0},"end":{"line":1,"column":49}},"1":{"start":{"line":2,"column":0},"end":{"line":2,"column":56}}},"s":{"0":1,"1":1},"branchMap":{},"b":{},"fnMap":{},"f":{}}
,"E:\\WEB\\GithubRepos\\employe-management-app-lit\\src\\store\\employeeSlice.js": {"path":"E:\\WEB\\GithubRepos\\employe-management-app-lit\\src\\store\\employeeSlice.js","all":false,"statementMap":{"0":{"start":{"line":1,"column":0},"end":{"line":1,"column":91}},"1":{"start":{"line":2,"column":0},"end":{"line":2,"column":68}},"3":{"start":{"line":4,"column":0},"end":{"line":4,"column":22}},"4":{"start":{"line":5,"column":0},"end":{"line":5,"column":14}},"5":{"start":{"line":6,"column":0},"end":{"line":6,"column":215}},"6":{"start":{"line":7,"column":0},"end":{"line":7,"column":204}},"7":{"start":{"line":8,"column":0},"end":{"line":8,"column":208}},"8":{"start":{"line":9,"column":0},"end":{"line":9,"column":211}},"9":{"start":{"line":10,"column":0},"end":{"line":10,"column":204}},"10":{"start":{"line":11,"column":0},"end":{"line":11,"column":215}},"11":{"start":{"line":12,"column":0},"end":{"line":12,"column":208}},"12":{"start":{"line":13,"column":0},"end":{"line":13,"column":215}},"13":{"start":{"line":14,"column":0},"end":{"line":14,"column":206}},"14":{"start":{"line":15,"column":0},"end":{"line":15,"column":211}},"15":{"start":{"line":16,"column":0},"end":{"line":16,"column":202}},"16":{"start":{"line":17,"column":0},"end":{"line":17,"column":216}},"17":{"start":{"line":18,"column":0},"end":{"line":18,"column":6}},"18":{"start":{"line":19,"column":0},"end":{"line":19,"column":19}},"19":{"start":{"line":20,"column":0},"end":{"line":20,"column":39}},"20":{"start":{"line":21,"column":0},"end":{"line":21,"column":19}},"21":{"start":{"line":22,"column":0},"end":{"line":22,"column":15}},"22":{"start":{"line":23,"column":0},"end":{"line":23,"column":2}},"24":{"start":{"line":25,"column":0},"end":{"line":25,"column":35}},"25":{"start":{"line":26,"column":0},"end":{"line":26,"column":19}},"26":{"start":{"line":27,"column":0},"end":{"line":27,"column":15}},"27":{"start":{"line":28,"column":0},"end":{"line":28,"column":13}},"28":{"start":{"line":29,"column":0},"end":{"line":29,"column":34}},"29":{"start":{"line":30,"column":0},"end":{"line":30,"column":40}},"30":{"start":{"line":31,"column":0},"end":{"line":31,"column":6}},"31":{"start":{"line":32,"column":0},"end":{"line":32,"column":32}},"32":{"start":{"line":33,"column":0},"end":{"line":33,"column":38}},"33":{"start":{"line":34,"column":0},"end":{"line":34,"column":6}},"34":{"start":{"line":35,"column":0},"end":{"line":35,"column":35}},"35":{"start":{"line":36,"column":0},"end":{"line":36,"column":41}},"36":{"start":{"line":37,"column":0},"end":{"line":37,"column":6}},"37":{"start":{"line":38,"column":0},"end":{"line":38,"column":32}},"38":{"start":{"line":39,"column":0},"end":{"line":39,"column":38}},"39":{"start":{"line":40,"column":0},"end":{"line":40,"column":6}},"40":{"start":{"line":41,"column":0},"end":{"line":41,"column":32}},"41":{"start":{"line":42,"column":0},"end":{"line":42,"column":43}},"42":{"start":{"line":43,"column":0},"end":{"line":43,"column":6}},"43":{"start":{"line":44,"column":0},"end":{"line":44,"column":33}},"44":{"start":{"line":45,"column":0},"end":{"line":45,"column":79}},"45":{"start":{"line":46,"column":0},"end":{"line":46,"column":25}},"46":{"start":{"line":47,"column":0},"end":{"line":47,"column":48}},"47":{"start":{"line":48,"column":0},"end":{"line":48,"column":7}},"48":{"start":{"line":49,"column":0},"end":{"line":49,"column":6}},"49":{"start":{"line":50,"column":0},"end":{"line":50,"column":35}},"50":{"start":{"line":51,"column":0},"end":{"line":51,"column":77}},"51":{"start":{"line":52,"column":0},"end":{"line":52,"column":5}},"52":{"start":{"line":53,"column":0},"end":{"line":53,"column":3}},"53":{"start":{"line":54,"column":0},"end":{"line":54,"column":3}},"55":{"start":{"line":56,"column":0},"end":{"line":56,"column":14}},"56":{"start":{"line":57,"column":0},"end":{"line":57,"column":16}},"57":{"start":{"line":58,"column":0},"end":{"line":58,"column":14}},"58":{"start":{"line":59,"column":0},"end":{"line":59,"column":17}},"59":{"start":{"line":60,"column":0},"end":{"line":60,"column":14}},"60":{"start":{"line":61,"column":0},"end":{"line":61,"column":14}},"61":{"start":{"line":62,"column":0},"end":{"line":62,"column":15}},"62":{"start":{"line":63,"column":0},"end":{"line":63,"column":16}},"63":{"start":{"line":64,"column":0},"end":{"line":64,"column":26}},"65":{"start":{"line":66,"column":0},"end":{"line":66,"column":37}}},"s":{"0":1,"1":1,"3":1,"4":1,"5":1,"6":1,"7":1,"8":1,"9":1,"10":1,"11":1,"12":1,"13":1,"14":1,"15":1,"16":1,"17":1,"18":1,"19":1,"20":1,"21":1,"22":1,"24":1,"25":1,"26":1,"27":1,"28":1,"29":2,"30":1,"31":1,"32":3,"33":1,"34":1,"35":1,"36":1,"37":1,"38":1,"39":1,"40":1,"41":1,"42":1,"43":1,"44":1,"45":1,"46":1,"47":1,"48":1,"49":1,"50":2,"51":2,"52":1,"53":1,"55":1,"56":1,"57":1,"58":1,"59":1,"60":1,"61":1,"62":1,"63":1,"65":1},"branchMap":{"0":{"type":"branch","line":29,"loc":{"start":{"line":29,"column":4},"end":{"line":31,"column":5}},"locations":[{"start":{"line":29,"column":4},"end":{"line":31,"column":5}}]},"1":{"type":"branch","line":32,"loc":{"start":{"line":32,"column":4},"end":{"line":34,"column":5}},"locations":[{"start":{"line":32,"column":4},"end":{"line":34,"column":5}}]},"2":{"type":"branch","line":35,"loc":{"start":{"line":35,"column":4},"end":{"line":37,"column":5}},"locations":[{"start":{"line":35,"column":4},"end":{"line":37,"column":5}}]},"3":{"type":"branch","line":38,"loc":{"start":{"line":38,"column":4},"end":{"line":40,"column":5}},"locations":[{"start":{"line":38,"column":4},"end":{"line":40,"column":5}}]},"4":{"type":"branch","line":41,"loc":{"start":{"line":41,"column":4},"end":{"line":43,"column":5}},"locations":[{"start":{"line":41,"column":4},"end":{"line":43,"column":5}}]},"5":{"type":"branch","line":44,"loc":{"start":{"line":44,"column":4},"end":{"line":49,"column":5}},"locations":[{"start":{"line":44,"column":4},"end":{"line":49,"column":5}}]},"6":{"type":"branch","line":45,"loc":{"start":{"line":45,"column":46},"end":{"line":45,"column":77}},"locations":[{"start":{"line":45,"column":46},"end":{"line":45,"column":77}}]},"7":{"type":"branch","line":50,"loc":{"start":{"line":50,"column":4},"end":{"line":52,"column":5}},"locations":[{"start":{"line":50,"column":4},"end":{"line":52,"column":5}}]},"8":{"type":"branch","line":51,"loc":{"start":{"line":51,"column":47},"end":{"line":51,"column":75}},"locations":[{"start":{"line":51,"column":47},"end":{"line":51,"column":75}}]}},"b":{"0":[2],"1":[3],"2":[1],"3":[1],"4":[1],"5":[1],"6":[1],"7":[2],"8":[24]},"fnMap":{"0":{"name":"setSearchTerm","decl":{"start":{"line":29,"column":4},"end":{"line":31,"column":5}},"loc":{"start":{"line":29,"column":4},"end":{"line":31,"column":5}},"line":29},"1":{"name":"setViewMode","decl":{"start":{"line":32,"column":4},"end":{"line":34,"column":5}},"loc":{"start":{"line":32,"column":4},"end":{"line":34,"column":5}},"line":32},"2":{"name":"setCurrentPage","decl":{"start":{"line":35,"column":4},"end":{"line":37,"column":5}},"loc":{"start":{"line":35,"column":4},"end":{"line":37,"column":5}},"line":35},"3":{"name":"setPageSize","decl":{"start":{"line":38,"column":4},"end":{"line":40,"column":5}},"loc":{"start":{"line":38,"column":4},"end":{"line":40,"column":5}},"line":38},"4":{"name":"addEmployee","decl":{"start":{"line":41,"column":4},"end":{"line":43,"column":5}},"loc":{"start":{"line":41,"column":4},"end":{"line":43,"column":5}},"line":41},"5":{"name":"editEmployee","decl":{"start":{"line":44,"column":4},"end":{"line":49,"column":5}},"loc":{"start":{"line":44,"column":4},"end":{"line":49,"column":5}},"line":44},"6":{"name":"deleteEmployee","decl":{"start":{"line":50,"column":4},"end":{"line":52,"column":5}},"loc":{"start":{"line":50,"column":4},"end":{"line":52,"column":5}},"line":50}},"f":{"0":2,"1":3,"2":1,"3":1,"4":1,"5":1,"6":2}}
,"E:\\WEB\\GithubRepos\\employe-management-app-lit\\src\\store\\index.js": {"path":"E:\\WEB\\GithubRepos\\employe-management-app-lit\\src\\store\\index.js","all":false,"statementMap":{"0":{"start":{"line":1,"column":0},"end":{"line":1,"column":94}},"1":{"start":{"line":2,"column":0},"end":{"line":2,"column":39}},"4":{"start":{"line":5,"column":0},"end":{"line":5,"column":71}},"6":{"start":{"line":7,"column":0},"end":{"line":7,"column":58}},"7":{"start":{"line":8,"column":0},"end":{"line":8,"column":58}},"9":{"start":{"line":10,"column":0},"end":{"line":10,"column":31}},"10":{"start":{"line":11,"column":0},"end":{"line":11,"column":18}},"11":{"start":{"line":12,"column":0},"end":{"line":12,"column":10}},"12":{"start":{"line":13,"column":0},"end":{"line":13,"column":2}},"14":{"start":{"line":15,"column":0},"end":{"line":15,"column":31}},"15":{"start":{"line":16,"column":0},"end":{"line":16,"column":18}},"16":{"start":{"line":17,"column":0},"end":{"line":17,"column":10}},"17":{"start":{"line":18,"column":0},"end":{"line":18,"column":2}},"19":{"start":{"line":20,"column":0},"end":{"line":20,"column":88}},"20":{"start":{"line":21,"column":0},"end":{"line":21,"column":88}},"22":{"start":{"line":23,"column":0},"end":{"line":23,"column":30}},"23":{"start":{"line":24,"column":0},"end":{"line":24,"column":12}},"24":{"start":{"line":25,"column":0},"end":{"line":25,"column":39}},"25":{"start":{"line":26,"column":0},"end":{"line":26,"column":39}},"26":{"start":{"line":27,"column":0},"end":{"line":27,"column":4}},"27":{"start":{"line":28,"column":0},"end":{"line":28,"column":39}},"28":{"start":{"line":29,"column":0},"end":{"line":29,"column":26}},"29":{"start":{"line":30,"column":0},"end":{"line":30,"column":26}},"30":{"start":{"line":31,"column":0},"end":{"line":31,"column":76}},"31":{"start":{"line":32,"column":0},"end":{"line":32,"column":8}},"32":{"start":{"line":33,"column":0},"end":{"line":33,"column":7}},"33":{"start":{"line":34,"column":0},"end":{"line":34,"column":3}},"36":{"start":{"line":37,"column":0},"end":{"line":37,"column":38}}},"s":{"0":1,"1":1,"4":1,"6":1,"7":1,"9":1,"10":1,"11":1,"12":1,"14":1,"15":1,"16":1,"17":1,"19":1,"20":1,"22":1,"23":1,"24":1,"25":1,"26":1,"27":1,"28":3,"29":3,"30":3,"31":3,"32":1,"33":1,"36":1},"branchMap":{"0":{"type":"branch","line":28,"loc":{"start":{"line":28,"column":14},"end":{"line":33,"column":6}},"locations":[{"start":{"line":28,"column":14},"end":{"line":33,"column":6}}]}},"b":{"0":[3]},"fnMap":{"0":{"name":"middleware","decl":{"start":{"line":28,"column":14},"end":{"line":33,"column":6}},"loc":{"start":{"line":28,"column":14},"end":{"line":33,"column":6}},"line":28}},"f":{"0":3}}
,"E:\\WEB\\GithubRepos\\employe-management-app-lit\\src\\store\\settingsSlice.js": {"path":"E:\\WEB\\GithubRepos\\employe-management-app-lit\\src\\store\\settingsSlice.js","all":false,"statementMap":{"0":{"start":{"line":1,"column":0},"end":{"line":1,"column":91}},"2":{"start":{"line":3,"column":0},"end":{"line":3,"column":22}},"3":{"start":{"line":4,"column":0},"end":{"line":4,"column":17}},"4":{"start":{"line":5,"column":0},"end":{"line":5,"column":2}},"6":{"start":{"line":7,"column":0},"end":{"line":7,"column":35}},"7":{"start":{"line":8,"column":0},"end":{"line":8,"column":19}},"8":{"start":{"line":9,"column":0},"end":{"line":9,"column":15}},"9":{"start":{"line":10,"column":0},"end":{"line":10,"column":13}},"10":{"start":{"line":11,"column":0},"end":{"line":11,"column":32}},"11":{"start":{"line":12,"column":0},"end":{"line":12,"column":38}},"12":{"start":{"line":13,"column":0},"end":{"line":13,"column":6}},"13":{"start":{"line":14,"column":0},"end":{"line":14,"column":4}},"14":{"start":{"line":15,"column":0},"end":{"line":15,"column":3}},"16":{"start":{"line":17,"column":0},"end":{"line":17,"column":53}},"18":{"start":{"line":19,"column":0},"end":{"line":19,"column":37}}},"s":{"0":1,"2":1,"3":1,"4":1,"6":1,"7":1,"8":1,"9":1,"10":1,"11":1,"12":1,"13":1,"14":1,"16":1,"18":1},"branchMap":{"0":{"type":"branch","line":11,"loc":{"start":{"line":11,"column":4},"end":{"line":13,"column":5}},"locations":[{"start":{"line":11,"column":4},"end":{"line":13,"column":5}}]}},"b":{"0":[1]},"fnMap":{"0":{"name":"setLanguage","decl":{"start":{"line":11,"column":4},"end":{"line":13,"column":5}},"loc":{"start":{"line":11,"column":4},"end":{"line":13,"column":5}},"line":11}},"f":{"0":1}}
}
